This is pdfTeX, Version 3.1415926-2.3-1.40.12 (MiKTeX 2.9 64-bit) (preloaded format=pdflatex 2013.3.14)  9 JAN 2015 16:36
entering extended mode
**Bayesian_book*v1.tex
("C:\Users\Ben\Dropbox\Bayesian book\Bayesian_book v1.tex"
LaTeX2e <2011/06/27>
Babel <v3.8m> and hyphenation patterns for english, afrikaans, ancientgreek, ar
abic, armenian, assamese, basque, bengali, bokmal, bulgarian, catalan, coptic, 
croatian, czech, danish, dutch, esperanto, estonian, farsi, finnish, french, ga
lician, german, german-x-2009-06-19, greek, gujarati, hindi, hungarian, iceland
ic, indonesian, interlingua, irish, italian, kannada, kurmanji, lao, latin, lat
vian, lithuanian, malayalam, marathi, mongolian, mongolianlmc, monogreek, ngerm
an, ngerman-x-2009-06-19, nynorsk, oriya, panjabi, pinyin, polish, portuguese, 
romanian, russian, sanskrit, serbian, slovak, slovenian, spanish, swedish, swis
sgerman, tamil, telugu, turkish, turkmen, ukenglish, ukrainian, uppersorbian, u
senglishmax, welsh, loaded.
("C:\Program Files\MiKTeX 2.9\tex\latex\base\book.cls"
Document Class: book 2007/10/19 v1.4h Standard LaTeX document class
("C:\Program Files\MiKTeX 2.9\tex\latex\base\bk11.clo"
File: bk11.clo 2007/10/19 v1.4h Standard LaTeX file (size option)
)
\c@part=\count79
\c@chapter=\count80
\c@section=\count81
\c@subsection=\count82
\c@subsubsection=\count83
\c@paragraph=\count84
\c@subparagraph=\count85
\c@figure=\count86
\c@table=\count87
\abovecaptionskip=\skip41
\belowcaptionskip=\skip42
\bibindent=\dimen102
)
("C:\Program Files\MiKTeX 2.9\tex\latex\natbib\natbib.sty"
Package: natbib 2010/09/13 8.31b (PWD, AO)
\bibhang=\skip43
\bibsep=\skip44
LaTeX Info: Redefining \cite on input line 694.
\c@NAT@ctr=\count88
)
("C:\Program Files\MiKTeX 2.9\tex\latex\appendix\appendix.sty"
Package: appendix 2009/09/02 v1.2b extra appendix facilities
\c@@pps=\count89
\c@@ppsavesec=\count90
\c@@ppsaveapp=\count91
)
("C:\Program Files\MiKTeX 2.9\tex\latex\ltxmisc\url.sty"
\Urlmuskip=\muskip10
Package: url 2006/04/12  ver 3.3  Verb mode for urls, etc.
)
("C:\Program Files\MiKTeX 2.9\tex\latex\psnfss\times.sty"
Package: times 2005/04/12 PSNFSS-v9.2a (SPQR) 
)
("C:\Program Files\MiKTeX 2.9\tex\latex\graphics\graphicx.sty"
Package: graphicx 1999/02/16 v1.0f Enhanced LaTeX Graphics (DPC,SPQR)

("C:\Program Files\MiKTeX 2.9\tex\latex\graphics\keyval.sty"
Package: keyval 1999/03/16 v1.13 key=value parser (DPC)
\KV@toks@=\toks14
)
("C:\Program Files\MiKTeX 2.9\tex\latex\graphics\graphics.sty"
Package: graphics 2009/02/05 v1.0o Standard LaTeX Graphics (DPC,SPQR)

("C:\Program Files\MiKTeX 2.9\tex\latex\graphics\trig.sty"
Package: trig 1999/03/16 v1.09 sin cos tan (DPC)
)
("C:\Program Files\MiKTeX 2.9\tex\latex\00miktex\graphics.cfg"
File: graphics.cfg 2007/01/18 v1.5 graphics configuration of teTeX/TeXLive
)
Package graphics Info: Driver file: pdftex.def on input line 91.

("C:\Program Files\MiKTeX 2.9\tex\latex\pdftex-def\pdftex.def"
File: pdftex.def 2011/05/27 v0.06d Graphics/color for pdfTeX

("C:\Program Files\MiKTeX 2.9\tex\generic\oberdiek\infwarerr.sty"
Package: infwarerr 2010/04/08 v1.3 Providing info/warning/error messages (HO)
)
("C:\Program Files\MiKTeX 2.9\tex\generic\oberdiek\ltxcmds.sty"
Package: ltxcmds 2011/11/09 v1.22 LaTeX kernel commands for general use (HO)
)
\Gread@gobject=\count92
))
\Gin@req@height=\dimen103
\Gin@req@width=\dimen104
)
("C:\Program Files\MiKTeX 2.9\tex\latex\oberdiek\epstopdf.sty"
Package: epstopdf 2010/02/09 v2.5 Conversion with epstopdf on the fly (HO)

("C:\Program Files\MiKTeX 2.9\tex\latex\oberdiek\epstopdf-base.sty"
Package: epstopdf-base 2010/02/09 v2.5 Base part for package epstopdf

("C:\Program Files\MiKTeX 2.9\tex\latex\oberdiek\grfext.sty"
Package: grfext 2010/08/19 v1.1 Manage graphics extensions (HO)

("C:\Program Files\MiKTeX 2.9\tex\generic\oberdiek\kvdefinekeys.sty"
Package: kvdefinekeys 2011/04/07 v1.3 Define keys (HO)
))
("C:\Program Files\MiKTeX 2.9\tex\latex\oberdiek\kvoptions.sty"
Package: kvoptions 2011/06/30 v3.11 Key value format for package options (HO)

("C:\Program Files\MiKTeX 2.9\tex\generic\oberdiek\kvsetkeys.sty"
Package: kvsetkeys 2012/04/25 v1.16 Key value parser (HO)

("C:\Program Files\MiKTeX 2.9\tex\generic\oberdiek\etexcmds.sty"
Package: etexcmds 2011/02/16 v1.5 Avoid name clashes with e-TeX commands (HO)

("C:\Program Files\MiKTeX 2.9\tex\generic\oberdiek\ifluatex.sty"
Package: ifluatex 2010/03/01 v1.3 Provides the ifluatex switch (HO)
Package ifluatex Info: LuaTeX not detected.
)
Package etexcmds Info: Could not find \expanded.
(etexcmds)             That can mean that you are not using pdfTeX 1.50 or
(etexcmds)             that some package has redefined \expanded.
(etexcmds)             In the latter case, load this package earlier.
)))
("C:\Program Files\MiKTeX 2.9\tex\generic\oberdiek\pdftexcmds.sty"
Package: pdftexcmds 2011/11/29 v0.20 Utility functions of pdfTeX for LuaTeX (HO
)

("C:\Program Files\MiKTeX 2.9\tex\generic\oberdiek\ifpdf.sty"
Package: ifpdf 2011/01/30 v2.3 Provides the ifpdf switch (HO)
Package ifpdf Info: pdfTeX in PDF mode is detected.
)
Package pdftexcmds Info: LuaTeX not detected.
Package pdftexcmds Info: \pdf@primitive is available.
Package pdftexcmds Info: \pdf@ifprimitive is available.
Package pdftexcmds Info: \pdfdraftmode found.
)
Package grfext Info: Graphics extension search list:
(grfext)             [.png,.pdf,.jpg,.mps,.jpeg,.jbig2,.jb2,.PNG,.PDF,.JPG,.JPE
G,.JBIG2,.JB2,.eps]
(grfext)             \AppendGraphicsExtensions on input line 452.
))
("C:\Program Files\MiKTeX 2.9\tex\latex\ams\math\amsmath.sty"
Package: amsmath 2000/07/18 v2.13 AMS math features
\@mathmargin=\skip45

For additional information on amsmath, use the `?' option.
("C:\Program Files\MiKTeX 2.9\tex\latex\ams\math\amstext.sty"
Package: amstext 2000/06/29 v2.01

("C:\Program Files\MiKTeX 2.9\tex\latex\ams\math\amsgen.sty"
File: amsgen.sty 1999/11/30 v2.0
\@emptytoks=\toks15
\ex@=\dimen105
))
("C:\Program Files\MiKTeX 2.9\tex\latex\ams\math\amsbsy.sty"
Package: amsbsy 1999/11/29 v1.2d
\pmbraise@=\dimen106
)
("C:\Program Files\MiKTeX 2.9\tex\latex\ams\math\amsopn.sty"
Package: amsopn 1999/12/14 v2.01 operator names
)
\inf@bad=\count93
LaTeX Info: Redefining \frac on input line 211.
\uproot@=\count94
\leftroot@=\count95
LaTeX Info: Redefining \overline on input line 307.
\classnum@=\count96
\DOTSCASE@=\count97
LaTeX Info: Redefining \ldots on input line 379.
LaTeX Info: Redefining \dots on input line 382.
LaTeX Info: Redefining \cdots on input line 467.
\Mathstrutbox@=\box26
\strutbox@=\box27
\big@size=\dimen107
LaTeX Font Info:    Redeclaring font encoding OML on input line 567.
LaTeX Font Info:    Redeclaring font encoding OMS on input line 568.
\macc@depth=\count98
\c@MaxMatrixCols=\count99
\dotsspace@=\muskip11
\c@parentequation=\count100
\dspbrk@lvl=\count101
\tag@help=\toks16
\row@=\count102
\column@=\count103
\maxfields@=\count104
\andhelp@=\toks17
\eqnshift@=\dimen108
\alignsep@=\dimen109
\tagshift@=\dimen110
\tagwidth@=\dimen111
\totwidth@=\dimen112
\lineht@=\dimen113
\@envbody=\toks18
\multlinegap=\skip46
\multlinetaggap=\skip47
\mathdisplay@stack=\toks19
LaTeX Info: Redefining \[ on input line 2666.
LaTeX Info: Redefining \] on input line 2667.
)
("C:\Program Files\MiKTeX 2.9\tex\generic\xypic\xy.sty"
("C:\Program Files\MiKTeX 2.9\tex\generic\xypic\xy.tex" Bootstrap'ing:
catcodes, docmode, ("C:\Program Files\MiKTeX 2.9\tex\generic\xypic\xyrecat.tex"
) ("C:\Program Files\MiKTeX 2.9\tex\generic\xypic\xyidioms.tex")

 Xy-pic version 3.8.6 <2011/05/27>
 Copyright (c) 1991-2011 by Kristoffer H. Rose <krisrose@tug.org>
 Xy-pic is free software: see the User's Guide for details.

Loading kernel: messages; fonts; allocations: state,
\X@c=\dimen114
\Y@c=\dimen115
\U@c=\dimen116
\D@c=\dimen117
\L@c=\dimen118
\R@c=\dimen119
\Edge@c=\toks20
\X@p=\dimen120
\Y@p=\dimen121
\U@p=\dimen122
\D@p=\dimen123
\L@p=\dimen124
\R@p=\dimen125
\Edge@p=\toks21
\X@origin=\dimen126
\Y@origin=\dimen127
\X@xbase=\dimen128
\Y@xbase=\dimen129
\X@ybase=\dimen130
\Y@ybase=\dimen131
\X@min=\dimen132
\Y@min=\dimen133
\X@max=\dimen134
\Y@max=\dimen135
\lastobjectbox@=\box28
\zerodotbox@=\box29
\almostz@=\dimen136
 direction,
\d@X=\dimen137
\d@Y=\dimen138
\K@=\count105
\KK@=\count106
\Direction=\count107
\K@dXdY=\dimen139
\K@dYdX=\dimen140
\xyread@=\read1
\xywrite@=\write3
\csp@=\count108
\quotPTK@=\dimen141

utility macros; pictures: \xy, positions,
\swaptoks@@=\toks22
\connectobjectbox@@=\box30
 objects,
\styletoks@=\toks23
 decorations;
kernel objects: directionals, circles, text; options; algorithms: directions,
edges, connections;  Xy-pic loaded)
Package: xy 2011/05/27 Xy-pic version 3.8.6

("C:\Program Files\MiKTeX 2.9\tex\generic\xypic\xyall.tex"
 Xy-pic option: All features v.3.8
("C:\Program Files\MiKTeX 2.9\tex\generic\xypic\xycurve.tex"
 Xy-pic option: Curve and Spline extension v.3.12 curve,
\crv@cnt@=\count109
\crvpts@=\toks24
\splinebox@=\box31
\splineval@=\dimen142
\splinedepth@=\dimen143
\splinetol@=\dimen144
\splinelength@=\dimen145
 circles,
\L@=\dimen146
 loaded)
("C:\Program Files\MiKTeX 2.9\tex\generic\xypic\xyframe.tex"
 Xy-pic option: Frame and Bracket extension v.3.13 loaded)
("C:\Program Files\MiKTeX 2.9\tex\generic\xypic\xycmtip.tex"
 Xy-pic option: Computer Modern tip extension v.3.7
("C:\Program Files\MiKTeX 2.9\tex\generic\xypic\xytips.tex"
 Xy-pic option: More Tips extension v.3.9 loaded) loaded)
("C:\Program Files\MiKTeX 2.9\tex\generic\xypic\xyline.tex"
 Xy-pic option: Line styles extension v.3.10
\xylinethick@=\dimen147
 loaded)
("C:\Program Files\MiKTeX 2.9\tex\generic\xypic\xyrotate.tex"
 Xy-pic option: Rotate and Scale extension v.3.8 loaded)
("C:\Program Files\MiKTeX 2.9\tex\generic\xypic\xycolor.tex"
 Xy-pic option: Colour extension v.3.11 loaded)
("C:\Program Files\MiKTeX 2.9\tex\generic\xypic\xymatrix.tex"
 Xy-pic option: Matrix feature v.3.14
\Row=\count110
\Col=\count111
\queue@=\toks25
\queue@@=\toks26
\qcount@=\count112
\qcount@@=\count113
\matrixsize@=\count114
 loaded)
("C:\Program Files\MiKTeX 2.9\tex\generic\xypic\xyarrow.tex"
 Xy-pic option: Arrow and Path feature v.3.9 path, \ar, loaded)
("C:\Program Files\MiKTeX 2.9\tex\generic\xypic\xygraph.tex"
 Xy-pic option: Graph feature v.3.11 loaded) loaded)
("C:\Program Files\MiKTeX 2.9\tex\generic\xypic\xypdf.tex"
 Xy-pic option: PDF driver v.1.7 Xy-pic pdf driver: `color' extension support
("C:\Program Files\MiKTeX 2.9\tex\generic\xypic\xypdf-co.tex" loaded)
Xy-pic pdf driver: `curve' extension support
("C:\Program Files\MiKTeX 2.9\tex\generic\xypic\xypdf-cu.tex" loaded)
Xy-pic pdf driver: `frame' extension support
("C:\Program Files\MiKTeX 2.9\tex\generic\xypic\xypdf-fr.tex" loaded)
Xy-pic pdf driver: `line' extension support
("C:\Program Files\MiKTeX 2.9\tex\generic\xypic\xypdf-li.tex" loaded)
Xy-pic pdf driver: `rotate' extension support
("C:\Program Files\MiKTeX 2.9\tex\generic\xypic\xypdf-ro.tex" loaded) loaded))
("C:\Program Files\MiKTeX 2.9\tex\latex\pxfonts\pxfonts.sty"
Package: pxfonts 2008/01/22 v1.1.1
LaTeX Font Info:    Redeclaring symbol font `operators' on input line 21.
LaTeX Font Info:    Overwriting symbol font `operators' in version `normal'
(Font)                  OT1/cmr/m/n --> OT1/pxr/m/n on input line 21.
LaTeX Font Info:    Overwriting symbol font `operators' in version `bold'
(Font)                  OT1/cmr/bx/n --> OT1/pxr/m/n on input line 21.
LaTeX Font Info:    Overwriting symbol font `operators' in version `bold'
(Font)                  OT1/pxr/m/n --> OT1/pxr/bx/n on input line 22.
\symitalic=\mathgroup4
LaTeX Font Info:    Overwriting symbol font `italic' in version `bold'
(Font)                  OT1/pxr/m/it --> OT1/pxr/bx/it on input line 26.
LaTeX Font Info:    Redeclaring math alphabet \mathbf on input line 29.
LaTeX Font Info:    Overwriting math alphabet `\mathbf' in version `normal'
(Font)                  OT1/cmr/bx/n --> OT1/pxr/bx/n on input line 29.
LaTeX Font Info:    Overwriting math alphabet `\mathbf' in version `bold'
(Font)                  OT1/cmr/bx/n --> OT1/pxr/bx/n on input line 29.
LaTeX Font Info:    Redeclaring math alphabet \mathit on input line 30.
LaTeX Font Info:    Overwriting math alphabet `\mathit' in version `normal'
(Font)                  OT1/cmr/m/it --> OT1/pxr/m/it on input line 30.
LaTeX Font Info:    Overwriting math alphabet `\mathit' in version `bold'
(Font)                  OT1/cmr/bx/it --> OT1/pxr/m/it on input line 30.
LaTeX Font Info:    Overwriting math alphabet `\mathit' in version `bold'
(Font)                  OT1/pxr/m/it --> OT1/pxr/bx/it on input line 31.
LaTeX Font Info:    Redeclaring math alphabet \mathsf on input line 40.
LaTeX Font Info:    Overwriting math alphabet `\mathsf' in version `normal'
(Font)                  OT1/cmss/m/n --> OT1/pxss/m/n on input line 40.
LaTeX Font Info:    Overwriting math alphabet `\mathsf' in version `bold'
(Font)                  OT1/cmss/bx/n --> OT1/pxss/m/n on input line 40.
LaTeX Font Info:    Overwriting math alphabet `\mathsf' in version `bold'
(Font)                  OT1/pxss/m/n --> OT1/pxss/b/n on input line 41.
LaTeX Font Info:    Redeclaring math alphabet \mathtt on input line 50.
LaTeX Font Info:    Overwriting math alphabet `\mathtt' in version `normal'
(Font)                  OT1/cmtt/m/n --> OT1/pxtt/m/n on input line 50.
LaTeX Font Info:    Overwriting math alphabet `\mathtt' in version `bold'
(Font)                  OT1/cmtt/m/n --> OT1/pxtt/m/n on input line 50.
LaTeX Font Info:    Overwriting math alphabet `\mathtt' in version `bold'
(Font)                  OT1/pxtt/m/n --> OT1/pxtt/b/n on input line 51.
LaTeX Font Info:    Redeclaring symbol font `letters' on input line 58.
LaTeX Font Info:    Overwriting symbol font `letters' in version `normal'
(Font)                  OML/cmm/m/it --> OML/pxmi/m/it on input line 58.
LaTeX Font Info:    Overwriting symbol font `letters' in version `bold'
(Font)                  OML/cmm/b/it --> OML/pxmi/m/it on input line 58.
LaTeX Font Info:    Overwriting symbol font `letters' in version `bold'
(Font)                  OML/pxmi/m/it --> OML/pxmi/bx/it on input line 59.
\symlettersA=\mathgroup5
LaTeX Font Info:    Overwriting symbol font `lettersA' in version `bold'
(Font)                  U/pxmia/m/it --> U/pxmia/bx/it on input line 67.
LaTeX Font Info:    Redeclaring symbol font `symbols' on input line 77.
LaTeX Font Info:    Overwriting symbol font `symbols' in version `normal'
(Font)                  OMS/cmsy/m/n --> OMS/pxsy/m/n on input line 77.
LaTeX Font Info:    Overwriting symbol font `symbols' in version `bold'
(Font)                  OMS/cmsy/b/n --> OMS/pxsy/m/n on input line 77.
LaTeX Font Info:    Overwriting symbol font `symbols' in version `bold'
(Font)                  OMS/pxsy/m/n --> OMS/pxsy/bx/n on input line 78.
\symAMSa=\mathgroup6
LaTeX Font Info:    Overwriting symbol font `AMSa' in version `bold'
(Font)                  U/pxsya/m/n --> U/pxsya/bx/n on input line 94.
\symAMSb=\mathgroup7
LaTeX Font Info:    Overwriting symbol font `AMSb' in version `bold'
(Font)                  U/pxsyb/m/n --> U/pxsyb/bx/n on input line 103.
\symsymbolsC=\mathgroup8
LaTeX Font Info:    Overwriting symbol font `symbolsC' in version `bold'
(Font)                  U/pxsyc/m/n --> U/pxsyc/bx/n on input line 113.
LaTeX Font Info:    Redeclaring symbol font `largesymbols' on input line 120.
LaTeX Font Info:    Overwriting symbol font `largesymbols' in version `normal'
(Font)                  OMX/cmex/m/n --> OMX/pxex/m/n on input line 120.
LaTeX Font Info:    Overwriting symbol font `largesymbols' in version `bold'
(Font)                  OMX/cmex/m/n --> OMX/pxex/m/n on input line 120.
LaTeX Font Info:    Overwriting symbol font `largesymbols' in version `bold'
(Font)                  OMX/pxex/m/n --> OMX/pxex/bx/n on input line 121.
\symlargesymbolsA=\mathgroup9
LaTeX Font Info:    Overwriting symbol font `largesymbolsA' in version `bold'
(Font)                  U/pxexa/m/n --> U/pxexa/bx/n on input line 129.
LaTeX Info: Redefining \not on input line 997.
)
("C:\Program Files\MiKTeX 2.9\tex\latex\colortbl\colortbl.sty"
Package: colortbl 2001/02/13 v0.1j Color table columns (DPC)

("C:\Program Files\MiKTeX 2.9\tex\latex\tools\array.sty"
Package: array 2008/09/09 v2.4c Tabular extension package (FMi)
\col@sep=\dimen148
\extrarowheight=\dimen149
\NC@list=\toks27
\extratabsurround=\skip48
\backup@length=\skip49
)
("C:\Program Files\MiKTeX 2.9\tex\latex\graphics\color.sty"
Package: color 2005/11/14 v1.0j Standard LaTeX Color (DPC)

("C:\Program Files\MiKTeX 2.9\tex\latex\00miktex\color.cfg"
File: color.cfg 2007/01/18 v1.5 color configuration of teTeX/TeXLive
)
Package color Info: Driver file: pdftex.def on input line 130.
)
\everycr=\toks28
\minrowclearance=\skip50
)
("C:\Program Files\MiKTeX 2.9\tex\latex\subfigure\subfigure.sty"
Package: subfigure 2002/07/30 v2.1.4 subfigure package
\subfigtopskip=\skip51
\subfigcapskip=\skip52
\subfigcaptopadj=\dimen150
\subfigbottomskip=\skip53
\subfigcapmargin=\dimen151
\subfiglabelskip=\skip54
\c@subfigure=\count115
\c@lofdepth=\count116
\c@subtable=\count117
\c@lotdepth=\count118

****************************************
* Local config file subfigure.cfg used *
****************************************
("C:\Program Files\MiKTeX 2.9\tex\latex\subfigure\subfigure.cfg")
\subfig@top=\skip55
\subfig@bottom=\skip56
)
("C:\Program Files\MiKTeX 2.9\tex\latex\was\gensymb.sty"
Package: gensymb 2003/07/02 v1.0 (WaS)
)
("C:\Program Files\MiKTeX 2.9\tex\latex\ctable\ctable.sty"
Package: ctable 2011/09/05 v1.21 ctable package

("C:\Program Files\MiKTeX 2.9\tex\latex\xkeyval\xkeyval.sty"
Package: xkeyval 2008/08/13 v2.6a package option processing (HA)

("C:\Program Files\MiKTeX 2.9\tex\generic\xkeyval\xkeyval.tex"
\XKV@toks=\toks29
\XKV@tempa@toks=\toks30
\XKV@depth=\count119
File: xkeyval.tex 2008/08/13 v2.6a key=value parser (HA)
))
("C:\Program Files\MiKTeX 2.9\tex\latex\tools\tabularx.sty"
Package: tabularx 1999/01/07 v2.07 `tabularx' package (DPC)
\TX@col@width=\dimen152
\TX@old@table=\dimen153
\TX@old@col=\dimen154
\TX@target=\dimen155
\TX@delta=\dimen156
\TX@cols=\count120
\TX@ftn=\toks31
)
("C:\Program Files\MiKTeX 2.9\tex\latex\booktabs\booktabs.sty"
Package: booktabs 2005/04/14 v1.61803 publication quality tables
\heavyrulewidth=\dimen157
\lightrulewidth=\dimen158
\cmidrulewidth=\dimen159
\belowrulesep=\dimen160
\belowbottomsep=\dimen161
\aboverulesep=\dimen162
\abovetopsep=\dimen163
\cmidrulesep=\dimen164
\cmidrulekern=\dimen165
\defaultaddspace=\dimen166
\@cmidla=\count121
\@cmidlb=\count122
\@aboverulesep=\dimen167
\@belowrulesep=\dimen168
\@thisruleclass=\count123
\@lastruleclass=\count124
\@thisrulewidth=\dimen169
)
("C:\Program Files\MiKTeX 2.9\tex\latex\rotating\rotating.sty"
Package: rotating 2009/03/28 v2.16a rotated objects in LaTeX

("C:\Program Files\MiKTeX 2.9\tex\latex\base\ifthen.sty"
Package: ifthen 2001/05/26 v1.1c Standard LaTeX ifthen package (DPC)
)
\c@r@tfl@t=\count125
\rotFPtop=\skip57
\rotFPbot=\skip58
\rot@float@box=\box32
\rot@mess@toks=\toks32
)
\@ctblframesep=\dimen170
\@defaultctblframesep=\dimen171
\@ctblframerule=\dimen172
\@defaultctblframerule=\dimen173
\@ctblwidth=\dimen174
\@defaultctblwidth=\dimen175
\@ctblcaptionskip=\dimen176
\@defaultctblcaptionskip=\dimen177
\@ctblmaxwidth=\dimen178
\@defaultctblmaxwidth=\dimen179
\@ctblmincapwidth=\dimen180
\@defaultctblmincapwidth=\dimen181
\@ctblw=\dimen182
\@ctblfloatwidth=\dimen183
\@ctbloldsep=\dimen184
\@ctbloldrule=\dimen185
\ctbl@t=\box33
)
("C:\Program Files\MiKTeX 2.9\tex\latex\caption\caption.sty"
Package: caption 2012/02/19 v3.2f Customizing captions (AR)

("C:\Program Files\MiKTeX 2.9\tex\latex\caption\caption3.sty"
Package: caption3 2012/01/12 v1.4b caption3 kernel (AR)
\captionmargin=\dimen186
\captionmargin@=\dimen187
\captionwidth=\dimen188
\caption@indent=\dimen189
\caption@parindent=\dimen190
\caption@hangindent=\dimen191
)
\c@ContinuedFloat=\count126
Package caption Info: rotating package is loaded.
Package caption Info: subfigure package is loaded.
)
("C:\Program Files\MiKTeX 2.9\tex\latex\tools\longtable.sty"
Package: longtable 2004/02/01 v4.11 Multi-page Table package (DPC)
\LTleft=\skip59
\LTright=\skip60
\LTpre=\skip61
\LTpost=\skip62
\LTchunksize=\count127
\LTcapwidth=\dimen192
\LT@head=\box34
\LT@firsthead=\box35
\LT@foot=\box36
\LT@lastfoot=\box37
\LT@cols=\count128
\LT@rows=\count129
\c@LT@tables=\count130
\c@LT@chunks=\count131
\LT@p@ftn=\toks33
)
("C:\Program Files\MiKTeX 2.9\tex\latex\pstricks-add\pstricks-add.sty"
("C:\Program Files\MiKTeX 2.9\tex\latex\pstricks\pstricks.sty"
Package: pstricks 2011/10/31 v0.52 LaTeX wrapper for `PSTricks' (RN,HV)

("C:\Program Files\MiKTeX 2.9\tex\generic\pstricks\base\pstricks.tex"
("C:\Program Files\MiKTeX 2.9\tex\generic\xkeyval\pst-xkey.tex"
File: pst-xkey.tex 2005/11/25 v1.6 PSTricks specialization of xkeyval (HA)
)
("C:\Program Files\MiKTeX 2.9\tex\generic\pstricks\base\pst-fp.tex"
`pst-fp' v0.05, 2010/01/17 (hv)
\pstFP@xs=\count132
\pstFP@xia=\count133
\pstFP@xib=\count134
\pstFP@xfa=\count135
\pstFP@xfb=\count136
\pstFP@rega=\count137
\pstFP@regb=\count138
\pstFP@regs=\count139
\pstFP@times=\count140
)
\psLoopIndex=\count141

`PSTricks' v2.27  <2012/03/11> (tvz)
\pst@dima=\dimen193
\pst@dimb=\dimen194
\pst@dimc=\dimen195
\pst@dimd=\dimen196
\pst@dimg=\dimen197
\pst@dimh=\dimen198
\pst@dimm=\dimen199
\pst@dimn=\dimen200
\pst@dimo=\dimen201
\pst@dimp=\dimen202
\pst@hbox=\box38
\pst@ibox=\box39
\pst@boxg=\box40
\pst@cnta=\count142
\pst@cntb=\count143
\pst@cntc=\count144
\pst@cntd=\count145
\pst@cntg=\count146
\pst@cnth=\count147
\pst@cntm=\count148
\pst@cntn=\count149
\pst@cnto=\count150
\pst@cntp=\count151
\@zero=\count152
\pst@toks=\toks34
("C:\Program Files\MiKTeX 2.9\tex\generic\pstricks\base\pstricks.con")
\psunit=\dimen203
\psxunit=\dimen204
\psyunit=\dimen205
\pst@C@@rType=\count153
\pslinewidth=\dimen206
\psk@startLW=\dimen207
\psk@endLW=\dimen208
\pst@customdefs=\toks35
\pslinearc=\dimen209
\pst@symbolStep=\dimen210
\pst@symbolWidth=\dimen211
\pst@symbolLinewidth=\dimen212
\everypsbox=\toks36
\psframesep=\dimen213
\pslabelsep=\dimen214
\pst@shift=\dimen215
\theoverlaybox=\box41
)
File: pstricks.tex 2012/03/11 v2.27 `PSTricks' (tvz,hv)

("C:\Program Files\MiKTeX 2.9\tex\generic\pstricks\base\pst-fp.tex")
File: pst-fp.tex 2012/03/11 v2.27 `PST-fp' (hv)

("C:\Program Files\MiKTeX 2.9\tex\latex\xcolor\xcolor.sty"
Package: xcolor 2007/01/21 v2.11 LaTeX color extensions (UK)

("C:\Program Files\MiKTeX 2.9\tex\latex\00miktex\color.cfg"
File: color.cfg 2007/01/18 v1.5 color configuration of teTeX/TeXLive
)
Package xcolor Info: Driver file: pdftex.def on input line 225.
LaTeX Info: Redefining \color on input line 702.
Package xcolor Info: Model `cmy' substituted by `cmy0' on input line 1337.
Package xcolor Info: Model `hsb' substituted by `rgb' on input line 1341.
Package xcolor Info: Model `RGB' extended on input line 1353.
Package xcolor Info: Model `HTML' substituted by `rgb' on input line 1355.
Package xcolor Info: Model `Hsb' substituted by `hsb' on input line 1356.
Package xcolor Info: Model `tHsb' substituted by `hsb' on input line 1357.
Package xcolor Info: Model `HSB' substituted by `hsb' on input line 1358.
Package xcolor Info: Model `Gray' substituted by `gray' on input line 1359.
Package xcolor Info: Model `wave' substituted by `hsb' on input line 1360.
))
("C:\Program Files\MiKTeX 2.9\tex\latex\pst-plot\pst-plot.sty"
Package: pst-plot 2011/06/05 v1.00 LaTeX wrapper for `pst-plot' (HV)

("C:\Program Files\MiKTeX 2.9\tex\latex\xkeyval\pst-xkey.sty"
Package: pst-xkey 2005/11/25 v1.6 package wrapper for pst-xkey.tex (HA)
)
("C:\Program Files\MiKTeX 2.9\tex\latex\multido\multido.sty"
Package: multido 2004/05/17 package wrapper for PSTricks `multido.tex', (HV/RN)


("C:\Program Files\MiKTeX 2.9\tex\generic\multido\multido.tex"
 v1.42, 2010/05/14 <tvz>
\multido@count=\count154
\multidocount=\count155
\multido@stuff=\toks37
)
File: multido.tex 2010/05/14 v1.42 `multido' (tvz,hv)
)
Package: pst-plot 2011/04/13 package wrapper for pst-plot.tex (hv)

("C:\Program Files\MiKTeX 2.9\tex\generic\pst-plot\pst-plot.tex"
 v1.42, 2012/05/03 (tvz,hv)
\pstRadUnit=\dimen216
\pstRadUnitInv=\dimen217
\pst@linecnt=\count156
\psxlabelsep=\dimen218
\psylabelsep=\dimen219
\psk@subticksize=\dimen220
\pst@xticksizeA=\dimen221
\pst@xticksizeB=\dimen222
\pst@xticksizeC=\dimen223
\pst@yticksizeA=\dimen224
\pst@yticksizeB=\dimen225
\pst@yticksizeC=\dimen226
\@digitcounter=\count157
\psk@llx=\dimen227
\psk@lly=\dimen228
\psk@urx=\dimen229
\psk@ury=\dimen230
\pst@xunit=\dimen231
\pst@yunit=\dimen232
)
File: pst-plot.tex 2012/05/03 1.42 `pst-plot' (tvz,hv)
)
("C:\Program Files\MiKTeX 2.9\tex\latex\pst-node\pst-node.sty"
Package: pst-node 2011/06/05 v1.00 LaTeX wrapper for `pst-node' (HV)
Package: pst-node 2010/04/22 package wrapper for pst-node.tex

("C:\Program Files\MiKTeX 2.9\tex\generic\pst-node\pst-node.tex"
 v1.22, 2012/02/12
\psrow=\count158
\pscol=\count159
\psmatrixcnt=\count160
\psrowsep=\skip63
\pscolsep=\skip64
\pst@args=\count161
\num@pts=\count162
\pst@argcnt=\count163
)
File: pst-node.tex 2012/02/12 1.22 `pst-node' (tvz)
) ("C:\Program Files\MiKTeX 2.9\tex\latex\pst-3d\pst-3d.sty"
Package: pst-3d 2009/07/28 package wrapper for pst-3d.tex (hv)
("C:\Program Files\MiKTeX 2.9\tex\generic\pst-3d\pst-3d.tex"
`PST-3d' v1.11, 2010/02/14 (tvz))
File: pst-3d.tex 2010/02/14 v1.11 `PST-3d' (hv)
)
("C:\Program Files\MiKTeX 2.9\tex\latex\pst-math\pst-math.sty"
Package: pst-math 2009/01/20 package wrapper for PSTricks pst-math.tex

("C:\Program Files\MiKTeX 2.9\tex\generic\pst-math\pst-math.tex"
`pst-math' v0.62 , (CJ,hv))
File: pst-math.tex 2010/10/20 v0.62 `PST-math' (hv)
)
Package: pstricks-add 2010/02/11 v. 0.14 package wrapper for pstricks-add.tex (
hv)

("C:\Program Files\MiKTeX 2.9\tex\generic\pstricks-add\pstricks-add.tex"
`pstricks-add' v3.55, 2011/12/11 (dr,hv)
\pshooklength=\dimen233

! No room for a new \dimen .
\ch@ck ...\else \errmessage {No room for a new #3}
                                                  \fi 
l.306 \newdimen\pshookwidth
                           
This error message was generated by an \errmessage
command, so I can't give any explicit help.
Pretend that you're Hercule Poirot: Examine all clues,
and deduce the truth by order and method.

\pshookwidth=\dimen234
\pst@cntC=\count164
! No room for a new \dimen .
\ch@ck ...\else \errmessage {No room for a new #3}
                                                  \fi 
l.1722 \newdimen\chart@ColorIndex
                                 
(That was another \errmessage.)

\chart@ColorIndex=\dimen235
! No room for a new \dimen .
\ch@ck ...\else \errmessage {No room for a new #3}
                                                  \fi 
l.1723 \newdimen\chart@ColorStep
                                
(That was another \errmessage.)

\chart@ColorStep=\dimen236
! No room for a new \dimen .
\ch@ck ...\else \errmessage {No room for a new #3}
                                                  \fi 
l.1724 \newdimen\pst@chartHeight
                                
(That was another \errmessage.)

\pst@chartHeight=\dimen237
! No room for a new \dimen .
\ch@ck ...\else \errmessage {No room for a new #3}
                                                  \fi 
l.1725 \newdimen\pst@chartStackDepth
                                    
(That was another \errmessage.)

\pst@chartStackDepth=\dimen238
! No room for a new \dimen .
\ch@ck ...\else \errmessage {No room for a new #3}
                                                  \fi 
l.1726 \newdimen\pst@chartStackWidth
                                    
(That was another \errmessage.)

\pst@chartStackWidth=\dimen239
\chart@Toggle=\count165
\psVectorCtr=\count166
)
File: pstricks-add.tex 2011/12/11 v3.55 `PSTricks-add' (hv)
Package pstricks-add Info: Local config file pstricks-add.cfg used on input lin
e 20.
 ("C:\Program Files\MiKTeX 2.9\tex\latex\pstricks-add\pstricks-add.cfg"
File: pstricks-add.cfg 2005/01/10 v0.1 addtional user stuff (hv)
))
("C:\Program Files\MiKTeX 2.9\tex\latex\pst-func\pst-func.sty"
Package: pst-func 2010/06/21 package wrapper for pst-func.tex (hv)

("C:\Program Files\MiKTeX 2.9\tex\generic\pst-func\pst-func.tex"
`PST-func' v0.76, 2012/01/13 (hv)
! No room for a new \dimen .
\ch@ck ...\else \errmessage {No room for a new #3}
                                                  \fi 
l.83 \newdimen\psk@zeroLineWidth
                                
(That was another \errmessage.)

\psk@zeroLineWidth=\dimen240
)
File: pst-func.tex 2012/01/13 v0.76 `PST-func' (hv)
)

! LaTeX Error: Missing \begin{document}.

See the LaTeX manual or LaTeX Companion for explanation.
Type  H <return>  for immediate help.
 ...                                              
                                                  
l.28 \maketitle
               
You're in trouble here.  Try typing  <return>  to proceed.
If that doesn't work, type  X <return>  to quit.

LaTeX Font Info:    Try loading font information for OT1+pxr on input line 28.
("C:\Program Files\MiKTeX 2.9\tex\latex\pxfonts\ot1pxr.fd"
File: ot1pxr.fd 2000/12/14 v1.0
)
LaTeX Font Info:    Try loading font information for OML+pxmi on input line 28.


("C:\Program Files\MiKTeX 2.9\tex\latex\pxfonts\omlpxmi.fd"
File: omlpxmi.fd 2000/12/14 v1.0
)
LaTeX Font Info:    Try loading font information for OMS+pxsy on input line 28.


("C:\Program Files\MiKTeX 2.9\tex\latex\pxfonts\omspxsy.fd"
File: omspxsy.fd 2000/12/14 v1.0
)
LaTeX Font Info:    Try loading font information for OMX+pxex on input line 28.


("C:\Program Files\MiKTeX 2.9\tex\latex\pxfonts\omxpxex.fd"
File: omxpxex.fd 2000/12/14 v1.0
)
LaTeX Font Info:    Try loading font information for U+pxmia on input line 28.

("C:\Program Files\MiKTeX 2.9\tex\latex\pxfonts\upxmia.fd"
File: upxmia.fd 2000/12/14 v1.0
)
LaTeX Font Info:    Try loading font information for U+pxsya on input line 28.

("C:\Program Files\MiKTeX 2.9\tex\latex\pxfonts\upxsya.fd"
File: upxsya.fd 2000/12/14 v1.0
)
LaTeX Font Info:    Try loading font information for U+pxsyb on input line 28.

("C:\Program Files\MiKTeX 2.9\tex\latex\pxfonts\upxsyb.fd"
File: utxsyb.fd 2000/12/14 v1.0
)
LaTeX Font Info:    Try loading font information for U+pxsyc on input line 28.

("C:\Program Files\MiKTeX 2.9\tex\latex\pxfonts\upxsyc.fd"
File: upxsyc.fd 2000/12/14 v1.0
)
LaTeX Font Info:    Try loading font information for U+pxexa on input line 28.

("C:\Program Files\MiKTeX 2.9\tex\latex\pxfonts\upxexa.fd"
File: upxexa.fd 2000/12/14 v1.0
)
! Undefined control sequence.
\set@color ...\@pdfcolorstack push{\current@color 
                                                  }\aftergroup \reset@color 
l.28 \maketitle
               
The control sequence at the end of the top line
of your error message was never \def'ed. If you have
misspelled it (e.g., `\hobx'), type `I' and the correct
spelling (e.g., `I\hbox'). Otherwise just continue,
and I'll forget about whatever was undefined.

! Undefined control sequence.
\set@color ...\@pdfcolorstack push{\current@color 
                                                  }\aftergroup \reset@color 
l.28 \maketitle
               
The control sequence at the end of the top line
of your error message was never \def'ed. If you have
misspelled it (e.g., `\hobx'), type `I' and the correct
spelling (e.g., `I\hbox'). Otherwise just continue,
and I'll forget about whatever was undefined.

[1
Non-PDF special ignored!
Non-PDF special ignored!
Non-PDF special ignored!
Non-PDF special ignored!
Non-PDF special ignored!
Non-PDF special ignored!
Non-PDF special ignored!
Non-PDF special ignored!
Non-PDF special ignored!


Non-PDF special ignored!
Non-PDF special ignored!
Non-PDF special ignored!

{C:/ProgramData/MiKTeX/2.9/pdftex/config/pdftex.map}]

LaTeX Warning: Unused global option(s):
    [fullpage].

("C:\Users\Ben\Dropbox\Bayesian book\Bayesian_book v1.aux")
LaTeX Font Info:    Checking defaults for OML/pxmi/m/it on input line 30.
LaTeX Font Info:    ... okay on input line 30.
LaTeX Font Info:    Checking defaults for T1/cmr/m/n on input line 30.
LaTeX Font Info:    ... okay on input line 30.
LaTeX Font Info:    Checking defaults for OT1/cmr/m/n on input line 30.
LaTeX Font Info:    ... okay on input line 30.
LaTeX Font Info:    Checking defaults for OMS/pxsy/m/n on input line 30.
LaTeX Font Info:    ... okay on input line 30.
LaTeX Font Info:    Checking defaults for OMX/pxex/m/n on input line 30.
LaTeX Font Info:    ... okay on input line 30.
LaTeX Font Info:    Checking defaults for U/pxexa/m/n on input line 30.
LaTeX Font Info:    ... okay on input line 30.

("C:\Program Files\MiKTeX 2.9\tex\context\base\supp-pdf.mkii"
[Loading MPS to PDF converter (version 2006.09.02).]
\scratchcounter=\count167
! No room for a new \dimen .
\ch@ck ...\else \errmessage {No room for a new #3}
                                                  \fi 
l.137 ... \csname newdimen\endcsname \scratchdimen
                                                  
(That was another \errmessage.)

\scratchdimen=\dimen241
\scratchbox=\box42
\nofMPsegments=\count168
\nofMParguments=\count169
\everyMPshowfont=\toks38
\MPscratchCnt=\count170
! No room for a new \dimen .
\ch@ck ...\else \errmessage {No room for a new #3}
                                                  \fi 
l.1253 \newdimen\MPscratchDim
                              % will be assigned global
(That was another \errmessage.)

\MPscratchDim=\dimen242
\MPnumerator=\count171
\makeMPintoPDFobject=\count172
\everyMPtoPDFconversion=\toks39
)
Package xypdf Info: Line width: 0.64604pt on input line 30.
LaTeX Info: Redefining \celsius on input line 30.
Package gensymb Info: Faking symbols for \degree and \celsius on input line 30.



Package gensymb Warning: Not defining \perthousand.

LaTeX Info: Redefining \ohm on input line 30.
Package gensymb Info: Using \Omega for \ohm on input line 30.

Package gensymb Warning: Not defining \micro.

Package caption Info: Begin \AtBeginDocument code.
Package caption Info: longtable package is loaded.
("C:\Program Files\MiKTeX 2.9\tex\latex\caption\ltcaption.sty"
Package: ltcaption 2011/09/12 v1.3 longtable captions (AR)
)
Package caption Info: End \AtBeginDocument code.
 [2

]
("C:\Users\Ben\Dropbox\Bayesian book\Bayesian_book v1.toc" [3]
Underfull \vbox (badness 6063) has occurred while \output is active []

 [4]
Runaway argument?
{\numberline {5.6.1}An urn of balls\let \reserved@d =[\def 
! Paragraph ended before \@dottedtocline was complete.
<to be read again> 
                   \par 
l.61 ...n urn of balls\let \reserved@d =[\def \par
                                                   }{61}
I suspect you've forgotten a `}', causing me to apply this
control sequence to too much text. How can we recover?
My plan is to forget the whole thing and hope for the best.

! Extra }, or forgotten \endgroup.
l.61 ...urn of balls\let \reserved@d =[\def \par }
                                                  {61}
I've deleted a group-closing symbol because it seems to be
spurious, as in `$x}$'. But perhaps the } is legitimate and
you forgot something else, as in `\hbox{$x}'. In such cases
the way to recover is to insert both the forgotten and the
deleted material, e.g., by typing `I$}'.

[5]
Overfull \hbox (3.1753pt too wide) in paragraph at lines 85--85
 [][] []\OT1/pxr/m/n/10.95 Continuous multi-parameter ex-am-ple: mean and vari-
 
 []

[6]
Overfull \hbox (5.58449pt too wide) in paragraph at lines 90--90
  []\OT1/pxr/bx/n/10.95 An in-tro-duc-tion to dis-tri-bu-tions for the mathemat
ically-un-inclined []  
 []

)
\tf@toc=\write4
 [7] [8

]
Chapter 1.
[9] [10

] [11] [12]
Chapter 2.

Overfull \hbox (1.19296pt too wide) in paragraph at lines 38--38
[]\OT1/pxr/bx/n/14.4 Similarities and dif-fer-ences in ap-proaches be-tween
 []


Overfull \hbox (7.25475pt too wide) in paragraph at lines 39--39
[]\OT1/pxr/bx/n/14.4 Probability dis-tri-bu-tions: help-ing us ex-plic-itly sta
te
 []

[13

] <Intro_die.pdf, id=51, 613.29124pt x 201.75375pt>
File: Intro_die.pdf Graphic file (type pdf)
 <use Intro_die.pdf>
Package pdftex.def Info: Intro_die.pdf used on input line 47.
(pdftex.def)             Requested size: 613.28973pt x 201.75325pt.

Overfull \hbox (95.61456pt too wide) has occurred while \output is active
\OT1/pxr/m/n/10.95 14 \OT1/pxr/m/sl/10.95 CHAPTER 2.  THE SUBJECTIVE WORLDS OF 
FREQUENTIST AND BAYESIAN STATISTICS
 []

[14 <C:/Users/Ben/Dropbox/Bayesian book/Intro_die.pdf>]
LaTeX Font Info:    Try loading font information for OMS+pxr on input line 57.

("C:\Program Files\MiKTeX 2.9\tex\latex\pxfonts\omspxr.fd"
File: omspxr.fd 2000/12/14 v1.0
)
LaTeX Font Info:    Font shape `OMS/pxr/m/n' in size <10.95> not available
(Font)              Font shape `OMS/pxsy/m/n' tried instead on input line 57.


! Package amsmath Error: Erroneous nesting of equation structures;
(amsmath)                trying to recover with `aligned'.

See the amsmath package documentation for explanation.
Type  H <return>  for immediate help.
 ...                                              
                                                  
l.73 \end{align}
                
Try typing  <return>  to proceed.
If that doesn't work, type  X <return>  to quit.


Overfull \hbox (96.92963pt too wide) has occurred while \output is active
\OT1/pxr/m/sl/10.95 2.5.  PROBABILITY DISTRIBUTIONS: HELPING US EXPLICITLY STAT
E OUR IGNORANCE \OT1/pxr/m/n/10.95 15
 []

[15]

! Package amsmath Error: Erroneous nesting of equation structures;
(amsmath)                trying to recover with `aligned'.

See the amsmath package documentation for explanation.
Type  H <return>  for immediate help.
 ...                                              
                                                  
l.92 \end{align}
                
Try typing  <return>  to proceed.
If that doesn't work, type  X <return>  to quit.


! Package amsmath Error: Erroneous nesting of equation structures;
(amsmath)                trying to recover with `aligned'.

See the amsmath package documentation for explanation.
Type  H <return>  for immediate help.
 ...                                              
                                                  
l.104 \end{align}
                 
Try typing  <return>  to proceed.
If that doesn't work, type  X <return>  to quit.


Underfull \vbox (badness 2644) has occurred while \output is active []


Overfull \hbox (95.61456pt too wide) has occurred while \output is active
\OT1/pxr/m/n/10.95 16 \OT1/pxr/m/sl/10.95 CHAPTER 2.  THE SUBJECTIVE WORLDS OF 
FREQUENTIST AND BAYESIAN STATISTICS
 []

[16] <Intro_continuousInterval.pdf, id=83, 361.35pt x 242.9075pt>
File: Intro_continuousInterval.pdf Graphic file (type pdf)

<use Intro_continuousInterval.pdf>
Package pdftex.def Info: Intro_continuousInterval.pdf used on input line 112.
(pdftex.def)             Requested size: 361.34912pt x 242.90689pt.

Overfull \hbox (96.92963pt too wide) has occurred while \output is active
\OT1/pxr/m/sl/10.95 2.5.  PROBABILITY DISTRIBUTIONS: HELPING US EXPLICITLY STAT
E OUR IGNORANCE \OT1/pxr/m/n/10.95 17
 []

[17 <C:/Users/Ben/Dropbox/Bayesian book/Intro_continuousInterval.pdf>]
Overfull \hbox (95.61456pt too wide) has occurred while \output is active
\OT1/pxr/m/n/10.95 18 \OT1/pxr/m/sl/10.95 CHAPTER 2.  THE SUBJECTIVE WORLDS OF 
FREQUENTIST AND BAYESIAN STATISTICS
 []

[18]
<Intro_footSizeIntelligenceTwoDimensionalExample.pdf, id=106, 578.16pt x 302.12
875pt>
File: Intro_footSizeIntelligenceTwoDimensionalExample.pdf Graphic file (type pd
f)
 <use Intro_footSizeIntelligenceTwoDimensionalExample.pdf>
Package pdftex.def Info: Intro_footSizeIntelligenceTwoDimensionalExample.pdf us
ed on input line 152.
(pdftex.def)             Requested size: 578.15858pt x 302.128pt.

Underfull \vbox (badness 3895) has occurred while \output is active []


Overfull \hbox (96.92963pt too wide) has occurred while \output is active
\OT1/pxr/m/sl/10.95 2.5.  PROBABILITY DISTRIBUTIONS: HELPING US EXPLICITLY STAT
E OUR IGNORANCE \OT1/pxr/m/n/10.95 19
 []

[19]
Underfull \vbox (badness 5637) has occurred while \output is active []


Overfull \hbox (95.61456pt too wide) has occurred while \output is active
\OT1/pxr/m/n/10.95 20 \OT1/pxr/m/sl/10.95 CHAPTER 2.  THE SUBJECTIVE WORLDS OF 
FREQUENTIST AND BAYESIAN STATISTICS
 []

[20 <C:/Users/Ben/Dropbox/Bayesian book/Intro_footSizeIntelligenceTwoDimensiona
lExample.pdf>]

! Package amsmath Error: Erroneous nesting of equation structures;
(amsmath)                trying to recover with `aligned'.

See the amsmath package documentation for explanation.
Type  H <return>  for immediate help.
 ...                                              
                                                  
l.204 \end{align}
                 
Try typing  <return>  to proceed.
If that doesn't work, type  X <return>  to quit.


Overfull \hbox (96.92963pt too wide) has occurred while \output is active
\OT1/pxr/m/sl/10.95 2.5.  PROBABILITY DISTRIBUTIONS: HELPING US EXPLICITLY STAT
E OUR IGNORANCE \OT1/pxr/m/n/10.95 21
 []

[21] <Intro_footSizeIntelligenceMarginal.pdf, id=1816, 578.16pt x 522.95375pt>
File: Intro_footSizeIntelligenceMarginal.pdf Graphic file (type pdf)

<use Intro_footSizeIntelligenceMarginal.pdf>
Package pdftex.def Info: Intro_footSizeIntelligenceMarginal.pdf used on input l
ine 230.
(pdftex.def)             Requested size: 578.15858pt x 522.95247pt.

Overfull \hbox (95.61456pt too wide) has occurred while \output is active
\OT1/pxr/m/n/10.95 22 \OT1/pxr/m/sl/10.95 CHAPTER 2.  THE SUBJECTIVE WORLDS OF 
FREQUENTIST AND BAYESIAN STATISTICS
 []

[22]
Overfull \hbox (96.92963pt too wide) has occurred while \output is active
\OT1/pxr/m/sl/10.95 2.5.  PROBABILITY DISTRIBUTIONS: HELPING US EXPLICITLY STAT
E OUR IGNORANCE \OT1/pxr/m/n/10.95 23
 []

[23 <C:/Users/Ben/Dropbox/Bayesian book/Intro_footSizeIntelligenceMarginal.pdf>
] <Intro_Venn.pdf, id=1834, 597.50786pt x 845.04686pt>
File: Intro_Venn.pdf Graphic file (type pdf)
 <use Intro_Venn.pdf>
Package pdftex.def Info: Intro_Venn.pdf used on input line 245.
(pdftex.def)             Requested size: 597.5064pt x 845.0448pt.

! Extra }, or forgotten \endgroup.
\@endfloatbox ...pagefalse \outer@nobreak \egroup 
                                                  \color@endbox 
l.247 \end{figure}
                  
I've deleted a group-closing symbol because it seems to be
spurious, as in `$x}$'. But perhaps the } is legitimate and
you forgot something else, as in `\hbox{$x}'. In such cases
the way to recover is to insert both the forgotten and the
deleted material, e.g., by typing `I$}'.


! Package amsmath Error: Erroneous nesting of equation structures;
(amsmath)                trying to recover with `aligned'.

See the amsmath package documentation for explanation.
Type  H <return>  for immediate help.
 ...                                              
                                                  
l.272 \end{align}
                 
Try typing  <return>  to proceed.
If that doesn't work, type  X <return>  to quit.


Overfull \hbox (95.61456pt too wide) has occurred while \output is active
\OT1/pxr/m/n/10.95 24 \OT1/pxr/m/sl/10.95 CHAPTER 2.  THE SUBJECTIVE WORLDS OF 
FREQUENTIST AND BAYESIAN STATISTICS
 []

[24]
Overfull \hbox (96.92963pt too wide) has occurred while \output is active
\OT1/pxr/m/sl/10.95 2.5.  PROBABILITY DISTRIBUTIONS: HELPING US EXPLICITLY STAT
E OUR IGNORANCE \OT1/pxr/m/n/10.95 25
 []

[25 <C:/Users/Ben/Dropbox/Bayesian book/Intro_Venn.pdf>]
<Intro_footSizeIntelligenceConditional.pdf, id=1850, 361.35pt x 361.35pt>
File: Intro_footSizeIntelligenceConditional.pdf Graphic file (type pdf)

<use Intro_footSizeIntelligenceConditional.pdf>
Package pdftex.def Info: Intro_footSizeIntelligenceConditional.pdf used on inpu
t line 300.
(pdftex.def)             Requested size: 361.34912pt x 361.34912pt.

! Extra }, or forgotten \endgroup.
\@endfloatbox ...pagefalse \outer@nobreak \egroup 
                                                  \color@endbox 
l.302 \end{figure}
                  
I've deleted a group-closing symbol because it seems to be
spurious, as in `$x}$'. But perhaps the } is legitimate and
you forgot something else, as in `\hbox{$x}'. In such cases
the way to recover is to insert both the forgotten and the
deleted material, e.g., by typing `I$}'.


Overfull \hbox (95.61456pt too wide) has occurred while \output is active
\OT1/pxr/m/n/10.95 26 \OT1/pxr/m/sl/10.95 CHAPTER 2.  THE SUBJECTIVE WORLDS OF 
FREQUENTIST AND BAYESIAN STATISTICS
 []

[26]
Overfull \hbox (11.30127pt too wide) in paragraph at lines 306--306
[]\OT1/pxr/bx/n/14.4 Higher di-men-sional prob-a-bil-ity den-si-ties: no harder

 []


Underfull \vbox (badness 1460) has occurred while \output is active []


Overfull \hbox (140.22375pt too wide) has occurred while \output is active
\OT1/pxr/m/sl/10.95 2.6.  HIGHER DIMENSIONAL PROBABILITY DENSITIES: NO HARDER T
HAN 2-D, JUST LOOKS IT! \OT1/pxr/m/n/10.95 27
 []

[27 <C:/Users/Ben/Dropbox/Bayesian book/Intro_footSizeIntelligenceConditional.p
df>]
Overfull \hbox (95.61456pt too wide) has occurred while \output is active
\OT1/pxr/m/n/10.95 28 \OT1/pxr/m/sl/10.95 CHAPTER 2.  THE SUBJECTIVE WORLDS OF 
FREQUENTIST AND BAYESIAN STATISTICS
 []

[28] <Intro_BayesianIntuition.pdf, id=1872, 916.34993pt x 192.27196pt>
File: Intro_BayesianIntuition.pdf Graphic file (type pdf)

<use Intro_BayesianIntuition.pdf>
Package pdftex.def Info: Intro_BayesianIntuition.pdf used on input line 357.
(pdftex.def)             Requested size: 916.3477pt x 192.27148pt.

Overfull \hbox (6.53348pt too wide) in paragraph at lines 357--358
 [][] 
 []


Overfull \hbox (44.64297pt too wide) has occurred while \output is active
\OT1/pxr/m/sl/10.95 2.10.  THE BAYESIAN INFERENCE PROCESS FROM THE BAYESIAN FOR
MULA \OT1/pxr/m/n/10.95 29
 []

[29 <C:/Users/Ben/Dropbox/Bayesian book/Intro_BayesianIntuition.pdf>]

! Package amsmath Error: Erroneous nesting of equation structures;
(amsmath)                trying to recover with `aligned'.

See the amsmath package documentation for explanation.
Type  H <return>  for immediate help.
 ...                                              
                                                  
l.386 \end{align}
                 
Try typing  <return>  to proceed.
If that doesn't work, type  X <return>  to quit.


Overfull \hbox (95.61456pt too wide) has occurred while \output is active
\OT1/pxr/m/n/10.95 30 \OT1/pxr/m/sl/10.95 CHAPTER 2.  THE SUBJECTIVE WORLDS OF 
FREQUENTIST AND BAYESIAN STATISTICS
 []

[30] [31]
Overfull \hbox (95.61456pt too wide) has occurred while \output is active
\OT1/pxr/m/n/10.95 32 \OT1/pxr/m/sl/10.95 CHAPTER 2.  THE SUBJECTIVE WORLDS OF 
FREQUENTIST AND BAYESIAN STATISTICS
 []

[32

]
Chapter 3.
[33]
Overfull \hbox (6.82211pt too wide) in paragraph at lines 412--412
[]\OT1/pxr/bx/n/12 Do pa-ram-e-ters ac-tu-ally ex-ist and have a point value? B
ayesian
 []


Overfull \hbox (5.13652pt too wide) has occurred while \output is active
\OT1/pxr/m/n/10.95 34 \OT1/pxr/m/sl/10.95 CHAPTER 3.  THE POSTERIOR - THE GOAL 
OF BAYESIAN INFERENCE
 []

[34]
Chapter 4.
[35

] [36]

! Package amsmath Error: Erroneous nesting of equation structures;
(amsmath)                trying to recover with `aligned'.

See the amsmath package documentation for explanation.
Type  H <return>  for immediate help.
 ...                                              
                                                  
l.465 \end{align}
                 
Try typing  <return>  to proceed.
If that doesn't work, type  X <return>  to quit.

<Likelihood_fairCoin.pdf, id=1906, 578.16pt x 322.20375pt>
File: Likelihood_fairCoin.pdf Graphic file (type pdf)

<use Likelihood_fairCoin.pdf>
Package pdftex.def Info: Likelihood_fairCoin.pdf used on input line 480.
(pdftex.def)             Requested size: 578.15858pt x 322.20296pt.
 [37]
<Likelihood_posteriorExample.pdf, id=1911, 578.16pt x 381.425pt>
File: Likelihood_posteriorExample.pdf Graphic file (type pdf)

<use Likelihood_posteriorExample.pdf>
Package pdftex.def Info: Likelihood_posteriorExample.pdf used on input line 492
.
(pdftex.def)             Requested size: 578.15858pt x 381.42406pt.

<Likelihood_coinLikelihood.pdf, id=1912, 578.16pt x 381.425pt>
File: Likelihood_coinLikelihood.pdf Graphic file (type pdf)

<use Likelihood_coinLikelihood.pdf>
Package pdftex.def Info: Likelihood_coinLikelihood.pdf used on input line 499.
(pdftex.def)             Requested size: 578.15858pt x 381.42406pt.

Underfull \vbox (badness 1038) has occurred while \output is active []

 [38 <C:/Users/Ben/Dropbox/Bayesian book/Likelihood_fairCoin.pdf>] [39 <C:/User
s/Ben/Dropbox/Bayesian book/Likelihood_posteriorExample.pdf> <C:/Users/Ben/Drop
box/Bayesian book/Likelihood_coinLikelihood.pdf>] [40]

Package natbib Warning: Citation `epstein2008model' on page 41 undefined on inp
ut line 549.

[41] [42] [43] <likelihood_bernoulli.png, id=1964, 422.32782pt x 316.18124pt>
File: likelihood_bernoulli.png Graphic file (type png)

<use likelihood_bernoulli.png>
Package pdftex.def Info: likelihood_bernoulli.png used on input line 618.
(pdftex.def)             Requested size: 422.32678pt x 316.18047pt.
 [44] [45 <C:/Users/Ben/Dropbox/Bayesian book/likelihood_bernoulli.png (PNG cop
y)>] [46]

! Package amsmath Error: Erroneous nesting of equation structures;
(amsmath)                trying to recover with `aligned'.

See the amsmath package documentation for explanation.
Type  H <return>  for immediate help.
 ...                                              
                                                  
l.639 \end{align}
                 
Try typing  <return>  to proceed.
If that doesn't work, type  X <return>  to quit.


! Package amsmath Error: Erroneous nesting of equation structures;
(amsmath)                trying to recover with `aligned'.

See the amsmath package documentation for explanation.
Type  H <return>  for immediate help.
 ...                                              
                                                  
l.650 \end{align}
                 
Try typing  <return>  to proceed.
If that doesn't work, type  X <return>  to quit.


! Package amsmath Error: Erroneous nesting of equation structures;
(amsmath)                trying to recover with `aligned'.

See the amsmath package documentation for explanation.
Type  H <return>  for immediate help.
 ...                                              
                                                  
l.668 \end{align}
                 
Try typing  <return>  to proceed.
If that doesn't work, type  X <return>  to quit.


! Package amsmath Error: Erroneous nesting of equation structures;
(amsmath)                trying to recover with `aligned'.

See the amsmath package documentation for explanation.
Type  H <return>  for immediate help.
 ...                                              
                                                  
l.678 \end{align}
                 
Try typing  <return>  to proceed.
If that doesn't work, type  X <return>  to quit.

[47]

Package amsmath Warning: Foreign command \atopwithdelims;
(amsmath)                \frac or \genfrac should be used instead
(amsmath)                 on input line 696.

<likelihood_binomial.png, id=1977, 422.32782pt x 316.18124pt>
File: likelihood_binomial.png Graphic file (type png)

<use likelihood_binomial.png>
Package pdftex.def Info: likelihood_binomial.png used on input line 710.
(pdftex.def)             Requested size: 422.32678pt x 316.18047pt.


! Package amsmath Error: Erroneous nesting of equation structures;
(amsmath)                trying to recover with `aligned'.

See the amsmath package documentation for explanation.
Type  H <return>  for immediate help.
 ...                                              
                                                  
l.722 \end{align}
                 
Try typing  <return>  to proceed.
If that doesn't work, type  X <return>  to quit.

[48] [49 <C:/Users/Ben/Dropbox/Bayesian book/likelihood_binomial.png (PNG copy)
>] [50] [51] <likelihood_normal.pdf, id=1991, 1245.65375pt x 387.4475pt>
File: likelihood_normal.pdf Graphic file (type pdf)

<use likelihood_normal.pdf>
Package pdftex.def Info: likelihood_normal.pdf used on input line 761.
(pdftex.def)             Requested size: 1245.65071pt x 387.44655pt.

Overfull \hbox (75.98535pt too wide) in paragraph at lines 761--762
 [][] 
 []


! Package amsmath Error: Erroneous nesting of equation structures;
(amsmath)                trying to recover with `aligned'.

See the amsmath package documentation for explanation.
Type  H <return>  for immediate help.
 ...                                              
                                                  
l.771 \end{align}
                 \label{eq:Likelihood_normalSampleOne}
Try typing  <return>  to proceed.
If that doesn't work, type  X <return>  to quit.

[52 <C:/Users/Ben/Dropbox/Bayesian book/likelihood_normal.pdf>] [53] [54]

LaTeX Warning: File `likelihood_logMonotonicity.png' not found on input line 80
6.


! Package pdftex.def Error: File `likelihood_logMonotonicity.png' not found.

See the pdftex.def package documentation for explanation.
Type  H <return>  for immediate help.
 ...                                              
                                                  
l.806 ...graphics{likelihood_logMonotonicity.png}}
                                                  
Using draft setting for this image.
Try typing  <return>  to proceed.
If that doesn't work, type  X <return>  to quit.

LaTeX Font Info:    Try loading font information for OT1+pxtt on input line 806
.
("C:\Program Files\MiKTeX 2.9\tex\latex\pxfonts\ot1pxtt.fd"
File: ot1pxtt.fd 2000/12/14 v1.0
)

! Package amsmath Error: Erroneous nesting of equation structures;
(amsmath)                trying to recover with `aligned'.

See the amsmath package documentation for explanation.
Type  H <return>  for immediate help.
 ...                                              
                                                  
l.822 \end{align}
                 
Try typing  <return>  to proceed.
If that doesn't work, type  X <return>  to quit.

[55] <Likelihood_ML.pdf, id=2019, 578.16pt x 376.40625pt>
File: Likelihood_ML.pdf Graphic file (type pdf)

<use Likelihood_ML.pdf>
Package pdftex.def Info: Likelihood_ML.pdf used on input line 836.
(pdftex.def)             Requested size: 578.15858pt x 376.40532pt.

Overfull \hbox (73.61893pt too wide) in paragraph at lines 836--837
 [][] 
 []

[56 <C:/Users/Ben/Dropbox/Bayesian book/Likelihood_ML.pdf>]

! Package amsmath Error: Erroneous nesting of equation structures;
(amsmath)                trying to recover with `aligned'.

See the amsmath package documentation for explanation.
Type  H <return>  for immediate help.
 ...                                              
                                                  
l.866 \end{align}
                 
Try typing  <return>  to proceed.
If that doesn't work, type  X <return>  to quit.

[57] <Likelihood_likelihoodCurvature.pdf, id=2038, 578.16pt x 377.41pt>
File: Likelihood_likelihoodCurvature.pdf Graphic file (type pdf)

<use Likelihood_likelihoodCurvature.pdf>
Package pdftex.def Info: Likelihood_likelihoodCurvature.pdf used on input line 
890.
(pdftex.def)             Requested size: 578.15858pt x 377.40907pt.

Overfull \hbox (15.79955pt too wide) in paragraph at lines 890--891
 [][] 
 []

[58] [59 <C:/Users/Ben/Dropbox/Bayesian book/Likelihood_likelihoodCurvature.pdf
>] [60]
Chapter 5.
[61

]

Package natbib Warning: Citation `gill2007bayesian' on page 62 undefined on inp
ut line 916.

[62]

Package natbib Warning: Citation `gelman2013bayesian' on page 63 undefined on i
nput line 926.

<Prior_introduction.pdf, id=2067, 1168.365pt x 387.4475pt>
File: Prior_introduction.pdf Graphic file (type pdf)

<use Prior_introduction.pdf>
Package pdftex.def Info: Prior_introduction.pdf used on input line 931.
(pdftex.def)             Requested size: 1168.36215pt x 387.44655pt.

Underfull \vbox (badness 10000) has occurred while \output is active []

 [63 <C:/Users/Ben/Dropbox/Bayesian book/Prior_introduction.pdf>] [64]

LaTeX Warning: File `Prior_justification.png' not found on input line 960.


! Package pdftex.def Error: File `Prior_justification.png' not found.

See the pdftex.def package documentation for explanation.
Type  H <return>  for immediate help.
 ...                                              
                                                  
l.960 {\includegraphics{Prior_justification.png}}
                                                 
Using draft setting for this image.
Try typing  <return>  to proceed.
If that doesn't work, type  X <return>  to quit.


Overfull \hbox (88.6038pt too wide) has occurred while \output is active
\OT1/pxr/m/sl/10.95 5.4.  WHY DON'T WE JUST NORMALISE LIKELIHOOD BY CHOOSING A 
UNITY PRIOR? \OT1/pxr/m/n/10.95 65
 []

[65]

Package natbib Warning: Citation `stewart2014teaching' on page 66 undefined on 
input line 974.


Package natbib Warning: Citation `bolstad2007introduction' on page 66 undefined
 on input line 974.

[66]

Package natbib Warning: Citation `bolstad2007introduction' on page 67 undefined
 on input line 976.

! Argument of \@sect has an extra }.
<inserted text> 
                \par 
l.976 ...tistics \cite{bolstad2007introduction}.}}
                                                  \label{sec:Prior_urn}
I've run across a `}' that doesn't seem to match anything.
For example, `\def\a#1{...}' and `\a}' would produce
this error. If you simply proceed now, the `\par' that
I've just inserted will cause me to report a runaway
argument that might be the root of the problem. But if
your `}' was spurious, just type `2' and it will go away.

Runaway argument?
{\normalfont \large \bfseries }{\@xfootnote }\def \reserved@b {\stepcounter \ET
C.
! Paragraph ended before \@sect was complete.
<to be read again> 
                   \par 
l.976 ...tistics \cite{bolstad2007introduction}.}}
                                                  \label{sec:Prior_urn}
I suspect you've forgotten a `}', causing me to apply this
control sequence to too much text. How can we recover?
My plan is to forget the whole thing and hope for the best.


Overfull \hbox (8.6279pt too wide) has occurred while \output is active
\OT1/pxr/m/sl/10.95 5.6.  COMBINING A PRIOR AND LIKELIHOOD TO FORM A POSTERIOR 
\OT1/pxr/m/n/10.95 67
 []

[67]
Overfull \hbox (82.72174pt too wide) in paragraph at lines 992--1007
 [][][] 
 []

<Prior_urnStacked.png, id=2098, 422.32782pt x 316.18124pt>
File: Prior_urnStacked.png Graphic file (type png)

<use Prior_urnStacked.png>
Package pdftex.def Info: Prior_urnStacked.png used on input line 1012.
(pdftex.def)             Requested size: 422.32678pt x 316.18047pt.

Overfull \hbox (82.72174pt too wide) in paragraph at lines 1022--1036
 [][] 
 []

<Prior_bayesUrnUpdated.png, id=2099, 422.32782pt x 316.18124pt>
File: Prior_bayesUrnUpdated.png Graphic file (type png)

<use Prior_bayesUrnUpdated.png>
Package pdftex.def Info: Prior_bayesUrnUpdated.png used on input line 1042.
(pdftex.def)             Requested size: 422.32678pt x 316.18047pt.
 [68]
Overfull \hbox (8.6279pt too wide) has occurred while \output is active
\OT1/pxr/m/sl/10.95 5.6.  COMBINING A PRIOR AND LIKELIHOOD TO FORM A POSTERIOR 
\OT1/pxr/m/n/10.95 69
 []

[69 <C:/Users/Ben/Dropbox/Bayesian book/Prior_urnStacked.png (PNG copy)>]
[70 <C:/Users/Ben/Dropbox/Bayesian book/Prior_bayesUrnUpdated.png (PNG copy)>]
<Prior_disease.png, id=2109, 422.32782pt x 316.18124pt>
File: Prior_disease.png Graphic file (type png)

<use Prior_disease.png>
Package pdftex.def Info: Prior_disease.png used on input line 1060.
(pdftex.def)             Requested size: 422.32678pt x 316.18047pt.

Underfull \vbox (badness 3108) has occurred while \output is active []

 [71]
[72 <C:/Users/Ben/Dropbox/Bayesian book/Prior_disease.png (PNG copy)>]

! Package amsmath Error: Erroneous nesting of equation structures;
(amsmath)                trying to recover with `aligned'.

See the amsmath package documentation for explanation.
Type  H <return>  for immediate help.
 ...                                              
                                                  
l.1077 \end{align}
                  
Try typing  <return>  to proceed.
If that doesn't work, type  X <return>  to quit.

<Prior_jeffreysIntro.pdf, id=2116, 443.6575pt x 315.1775pt>
File: Prior_jeffreysIntro.pdf Graphic file (type pdf)

<use Prior_jeffreysIntro.pdf>
Package pdftex.def Info: Prior_jeffreysIntro.pdf used on input line 1087.
(pdftex.def)             Requested size: 443.6564pt x 315.17673pt.
 [73] [74 <C:/Users/Ben/Dropbox/Bayesian book/Prior_jeffreysIntro.pdf>]
<Prior_lungcancerFlatandGammaPriors.pdf, id=2141, 361.35pt x 263.98625pt>
File: Prior_lungcancerFlatandGammaPriors.pdf Graphic file (type pdf)

<use Prior_lungcancerFlatandGammaPriors.pdf>
Package pdftex.def Info: Prior_lungcancerFlatandGammaPriors.pdf used on input l
ine 1100.
(pdftex.def)             Requested size: 361.34912pt x 263.9856pt.
 [75]
<Prior_SATScoresHistogram.pdf, id=2145, 578.16pt x 333.245pt>
File: Prior_SATScoresHistogram.pdf Graphic file (type pdf)

<use Prior_SATScoresHistogram.pdf>
Package pdftex.def Info: Prior_SATScoresHistogram.pdf used on input line 1111.
(pdftex.def)             Requested size: 578.15858pt x 333.24417pt.

Overfull \hbox (73.61893pt too wide) in paragraph at lines 1111--1111
 [][] 
 []

[76 <C:/Users/Ben/Dropbox/Bayesian book/Prior_lungcancerFlatandGammaPriors.pdf>
] [77 <C:/Users/Ben/Dropbox/Bayesian book/Prior_SATScoresHistogram.pdf>]

Package natbib Warning: Citation `gill2007bayesian' on page 78 undefined on inp
ut line 1128.

[78]

! Package amsmath Error: Erroneous nesting of equation structures;
(amsmath)                trying to recover with `aligned'.

See the amsmath package documentation for explanation.
Type  H <return>  for immediate help.
 ...                                              
                                                  
l.1136 \end{align}
                  
Try typing  <return>  to proceed.
If that doesn't work, type  X <return>  to quit.


! Package amsmath Error: Erroneous nesting of equation structures;
(amsmath)                trying to recover with `aligned'.

See the amsmath package documentation for explanation.
Type  H <return>  for immediate help.
 ...                                              
                                                  
l.1145 \end{align}
                  
Try typing  <return>  to proceed.
If that doesn't work, type  X <return>  to quit.

<Prior_elicitingRegression.pdf, id=2175, 1245.65375pt x 387.4475pt>
File: Prior_elicitingRegression.pdf Graphic file (type pdf)

<use Prior_elicitingRegression.pdf>
Package pdftex.def Info: Prior_elicitingRegression.pdf used on input line 1153.

(pdftex.def)             Requested size: 1245.65071pt x 387.44655pt.

Overfull \hbox (13.699pt too wide) in paragraph at lines 1153--1153
 [][] 
 []

[79] <Prior_weakPriorEffect.pdf, id=2180, 1003.75pt x 620.3175pt>
File: Prior_weakPriorEffect.pdf Graphic file (type pdf)

<use Prior_weakPriorEffect.pdf>
Package pdftex.def Info: Prior_weakPriorEffect.pdf used on input line 1166.
(pdftex.def)             Requested size: 1003.74756pt x 620.316pt.

Overfull \hbox (41.49289pt too wide) in paragraph at lines 1166--1166
 [][] 
 []


Underfull \vbox (badness 10000) has occurred while \output is active []

 [80 <C:/Users/Ben/Dropbox/Bayesian book/Prior_elicitingRegression.pdf>] [81 <C
:/Users/Ben/Dropbox/Bayesian book/Prior_weakPriorEffect.pdf>]

! Package amsmath Error: Erroneous nesting of equation structures;
(amsmath)                trying to recover with `aligned'.

See the amsmath package documentation for explanation.
Type  H <return>  for immediate help.
 ...                                              
                                                  
l.1183 \end{align}
                  
Try typing  <return>  to proceed.
If that doesn't work, type  X <return>  to quit.

[82] [83] [84

]
Chapter 6.
[85]

LaTeX Warning: Reference `sec:Posterior_probabilityDistributions' on page 86 un
defined on input line 1220.

[86] [87]

! Package amsmath Error: Erroneous nesting of equation structures;
(amsmath)                trying to recover with `aligned'.

See the amsmath package documentation for explanation.
Type  H <return>  for immediate help.
 ...                                              
                                                  
l.1268 \end{align}
                  
Try typing  <return>  to proceed.
If that doesn't work, type  X <return>  to quit.


Overfull \hbox (27.52802pt too wide) detected at line 1269
[] []
 []


! Package amsmath Error: Erroneous nesting of equation structures;
(amsmath)                trying to recover with `aligned'.

See the amsmath package documentation for explanation.
Type  H <return>  for immediate help.
 ...                                              
                                                  
l.1280 \end{align}
                  
Try typing  <return>  to proceed.
If that doesn't work, type  X <return>  to quit.

<Denominator_discreteExample.pdf, id=2234, 299.1175pt x 722.7pt>
File: Denominator_discreteExample.pdf Graphic file (type pdf)

<use Denominator_discreteExample.pdf>
Package pdftex.def Info: Denominator_discreteExample.pdf used on input line 128
8.
(pdftex.def)             Requested size: 299.11676pt x 722.69823pt.


LaTeX Warning: Float too large for page by 87.56055pt on input line 1289.

[88] [89 <C:/Users/Ben/Dropbox/Bayesian book/Denominator_discreteExample.pdf>]
<Denominator_continuousExample.pdf, id=2255, 402.50375pt x 722.7pt>
File: Denominator_continuousExample.pdf Graphic file (type pdf)

<use Denominator_continuousExample.pdf>
Package pdftex.def Info: Denominator_continuousExample.pdf used on input line 1
303.
(pdftex.def)             Requested size: 402.50276pt x 722.69823pt.


LaTeX Warning: Float too large for page by 87.56055pt on input line 1304.


! Package amsmath Error: Erroneous nesting of equation structures;
(amsmath)                trying to recover with `aligned'.

See the amsmath package documentation for explanation.
Type  H <return>  for immediate help.
 ...                                              
                                                  
l.1313 \end{align}
                  
Try typing  <return>  to proceed.
If that doesn't work, type  X <return>  to quit.

[90] [91 <C:/Users/Ben/Dropbox/Bayesian book/Denominator_continuousExample.pdf>
]

! Package amsmath Error: Erroneous nesting of equation structures;
(amsmath)                trying to recover with `aligned'.

See the amsmath package documentation for explanation.
Type  H <return>  for immediate help.
 ...                                              
                                                  
l.1327 \end{align}
                  
Try typing  <return>  to proceed.
If that doesn't work, type  X <return>  to quit.

[92]
<Denominator_discreteJointDensity.pdf, id=2278, 402.50375pt x 257.96375pt>
File: Denominator_discreteJointDensity.pdf Graphic file (type pdf)

<use Denominator_discreteJointDensity.pdf>
Package pdftex.def Info: Denominator_discreteJointDensity.pdf used on input lin
e 1368.
(pdftex.def)             Requested size: 402.50276pt x 257.9631pt.

<Denominator_continuousJointDensity.pdf, id=2279, 578.16pt x 522.95375pt>
File: Denominator_continuousJointDensity.pdf Graphic file (type pdf)

<use Denominator_continuousJointDensity.pdf>
Package pdftex.def Info: Denominator_continuousJointDensity.pdf used on input l
ine 1374.
(pdftex.def)             Requested size: 578.15858pt x 522.95247pt.

Overfull \hbox (102.52863pt too wide) in paragraph at lines 1374--1374
 [][] 
 []


Underfull \vbox (badness 1721) has occurred while \output is active []

 [93]
[94 <C:/Users/Ben/Dropbox/Bayesian book/Denominator_discreteJointDensity.pdf>]
[95 <C:/Users/Ben/Dropbox/Bayesian book/Denominator_continuousJointDensity.pdf>
] [96] [97]

! Package amsmath Error: Erroneous nesting of equation structures;
(amsmath)                trying to recover with `aligned'.

See the amsmath package documentation for explanation.
Type  H <return>  for immediate help.
 ...                                              
                                                  
l.1439 \end{align}
                  
Try typing  <return>  to proceed.
If that doesn't work, type  X <return>  to quit.

[98]
Overfull \hbox (29.15567pt too wide) in paragraph at lines 1449--1476
 [][] 
 []


! Package amsmath Error: Erroneous nesting of equation structures;
(amsmath)                trying to recover with `aligned'.

See the amsmath package documentation for explanation.
Type  H <return>  for immediate help.
 ...                                              
                                                  
l.1486 \end{align}
                  
Try typing  <return>  to proceed.
If that doesn't work, type  X <return>  to quit.

[99] [100]
<Denominator_continuousTwoParameter3D.pdf, id=2345, 554.07pt x 1610.015pt>
File: Denominator_continuousTwoParameter3D.pdf Graphic file (type pdf)

<use Denominator_continuousTwoParameter3D.pdf>
Package pdftex.def Info: Denominator_continuousTwoParameter3D.pdf used on input
 line 1517.
(pdftex.def)             Requested size: 554.06865pt x 1610.0111pt.

! Extra }, or forgotten \endgroup.
\@endfloatbox ...pagefalse \outer@nobreak \egroup 
                                                  \color@endbox 
l.1518 \end{figure}
                   
I've deleted a group-closing symbol because it seems to be
spurious, as in `$x}$'. But perhaps the } is legitimate and
you forgot something else, as in `\hbox{$x}'. In such cases
the way to recover is to insert both the forgotten and the
deleted material, e.g., by typing `I$}'.


! Package amsmath Error: Erroneous nesting of equation structures;
(amsmath)                trying to recover with `aligned'.

See the amsmath package documentation for explanation.
Type  H <return>  for immediate help.
 ...                                              
                                                  
l.1528 \end{align}
                  
Try typing  <return>  to proceed.
If that doesn't work, type  X <return>  to quit.

[101] [102 <C:/Users/Ben/Dropbox/Bayesian book/Denominator_continuousTwoParamet
er3D.pdf>]

LaTeX Warning: Reference `fig:Denominator_continuousTwoParameterContour' on pag
e 103 undefined on input line 1533.


LaTeX Warning: Reference `fig:Denominator_continuousTwoParameterContour' on pag
e 103 undefined on input line 1533.


Overfull \hbox (43.73529pt too wide) has occurred while \output is active
\OT1/pxr/m/sl/10.95 6.5.  HOW TO DISPENSE WITH THE DIFFICULTY: BAYESIAN COMPUTA
TION \OT1/pxr/m/n/10.95 103
 []

[103]

! Package amsmath Error: Erroneous nesting of equation structures;
(amsmath)                trying to recover with `aligned'.

See the amsmath package documentation for explanation.
Type  H <return>  for immediate help.
 ...                                              
                                                  
l.1559 \end{align}
                  
Try typing  <return>  to proceed.
If that doesn't work, type  X <return>  to quit.

[104] [105] [106

] [107] [108]
Chapter 7.
[109

]
Overfull \hbox (168.3231pt too wide) has occurred while \output is active
\OT1/pxr/m/n/10.95 110 \OT1/pxr/m/sl/10.95 CHAPTER 7.  AN INTRODUCTION TO DISTR
IBUTIONS FOR THE MATHEMATICALLY-UN-INCLINED
 []

[110

]
Chapter 8.
[111]
Overfull \hbox (60.0272pt too wide) has occurred while \output is active
\OT1/pxr/m/n/10.95 112 \OT1/pxr/m/sl/10.95 CHAPTER 8.  CONJUGATE PRIORS AND THE
IR PLACE IN BAYESIAN ANALYSIS
 []

[112

]
Chapter 9.
[113] [114

] [115] [116]
Chapter 10.
[117

] [118

] [119] [120]
Chapter 11.
[121

]
Overfull \hbox (145.05446pt too wide) has occurred while \output is active
\OT1/pxr/m/n/10.95 122 \OT1/pxr/m/sl/10.95 CHAPTER 11.  HYPOTHESIS TESTING I: C
LASSICAL FREQUENTIST VS BAYESIAN APPROACHES
 []

[122

]
Chapter 12.
No file Bayesian_book*v1.bbl.

Package natbib Warning: There were undefined citations.

[123] ("C:\Users\Ben\Dropbox\Bayesian book\Bayesian_book v1.aux")

LaTeX Warning: There were undefined references.


LaTeX Warning: Label(s) may have changed. Rerun to get cross-references right.

 ) 
Here is how much of TeX's memory you used:
 12133 strings out of 494045
 175954 string characters out of 3148393
 357883 words of memory out of 3000000
 15074 multiletter control sequences out of 15000+200000
 54122 words of font info for 164 fonts, out of 3000000 for 9000
 715 hyphenation exceptions out of 8191
 52i,13n,92p,3247b,356s stack positions out of 5000i,500n,10000p,200000b,50000s
{C:/Program Files/MiKTeX 2.9/fonts/enc/dvips/fontname/8r.enc}<C:/Program File
s/MiKTeX 2.9/fonts/type1/public/amsfonts/cm/cmr12.pfb><C:/Program Files/MiKTeX 
2.9/fonts/type1/public/amsfonts/cm/cmr17.pfb><C:/Program Files/MiKTeX 2.9/fonts
/type1/public/pxfonts/pxex.pfb><C:/Program Files/MiKTeX 2.9/fonts/type1/public/
pxfonts/pxsy.pfb><C:/Program Files/MiKTeX 2.9/fonts/type1/public/pxfonts/pxsyb.
pfb><C:/Program Files/MiKTeX 2.9/fonts/type1/public/pxfonts/rpxb.pfb><C:/Progra
m Files/MiKTeX 2.9/fonts/type1/public/pxfonts/rpxbmi.pfb><C:/Program Files/MiKT
eX 2.9/fonts/type1/public/pxfonts/rpxmi.pfb><C:/Program Files/MiKTeX 2.9/fonts/
type1/public/pxfonts/rpxr.pfb><C:/Program Files/MiKTeX 2.9/fonts/type1/public/t
xfonts/txtt.pfb><C:/Program Files/MiKTeX 2.9/fonts/type1/urw/palatino/uplb8a.pf
b><C:/Program Files/MiKTeX 2.9/fonts/type1/urw/palatino/uplbi8a.pfb><C:/Program
 Files/MiKTeX 2.9/fonts/type1/urw/palatino/uplr8a.pfb><C:/Program Files/MiKTeX 
2.9/fonts/type1/urw/palatino/uplr8a.pfb><C:/Program Files/MiKTeX 2.9/fonts/type
1/urw/palatino/uplri8a.pfb>
Output written on "Bayesian_book v1.pdf" (123 pages, 23576391 bytes).
PDF statistics:
 9440 PDF objects out of 10688 (max. 8388607)
 0 named destinations out of 1000 (max. 500000)
 146 words of extra memory for PDF output out of 10000 (max. 10000000)

