This is pdfTeX, Version 3.14159265-2.6-1.40.17 (MiKTeX 2.9) (preloaded format=pdflatex 2016.8.16)  17 AUG 2016 00:31
entering extended mode
**./s_StanJags_codeBits.tex
(s_StanJags_codeBits.tex
LaTeX2e <2016/03/31> patch level 3
Babel <3.9r> and hyphenation patterns for 75 language(s) loaded.
("C:\Program Files (x86)\MiKTeX 2.9\tex\latex\base\book.cls"
Document Class: book 2014/09/29 v1.4h Standard LaTeX document class
("C:\Program Files (x86)\MiKTeX 2.9\tex\latex\base\bk10.clo"
File: bk10.clo 2014/09/29 v1.4h Standard LaTeX file (size option)
)
\c@part=\count79
\c@chapter=\count80
\c@section=\count81
\c@subsection=\count82
\c@subsubsection=\count83
\c@paragraph=\count84
\c@subparagraph=\count85
\c@figure=\count86
\c@table=\count87
\abovecaptionskip=\skip41
\belowcaptionskip=\skip42
\bibindent=\dimen102
)
("C:\Program Files (x86)\MiKTeX 2.9\tex\latex\graphics\graphicx.sty"
Package: graphicx 2014/10/28 v1.0g Enhanced LaTeX Graphics (DPC,SPQR)

("C:\Program Files (x86)\MiKTeX 2.9\tex\latex\graphics\keyval.sty"
Package: keyval 2014/10/28 v1.15 key=value parser (DPC)
\KV@toks@=\toks14
)
("C:\Program Files (x86)\MiKTeX 2.9\tex\latex\graphics\graphics.sty"
Package: graphics 2016/07/10 v1.0t Standard LaTeX Graphics (DPC,SPQR)

("C:\Program Files (x86)\MiKTeX 2.9\tex\latex\graphics\trig.sty"
Package: trig 2016/01/03 v1.10 sin cos tan (DPC)
)
("C:\Program Files (x86)\MiKTeX 2.9\tex\latex\00miktex\graphics.cfg"
File: graphics.cfg 2016/06/04 v1.11 sample graphics configuration
)
Package graphics Info: Driver file: pdftex.def on input line 99.

("C:\Program Files (x86)\MiKTeX 2.9\tex\latex\graphics-def\pdftex.def"
File: pdftex.def 2016/07/10 v0.06j Graphics/color for pdfTeX

("C:\Program Files (x86)\MiKTeX 2.9\tex\generic\oberdiek\infwarerr.sty"
Package: infwarerr 2016/05/16 v1.4 Providing info/warning/error messages (HO)
)
("C:\Program Files (x86)\MiKTeX 2.9\tex\generic\oberdiek\ltxcmds.sty"
Package: ltxcmds 2016/05/16 v1.23 LaTeX kernel commands for general use (HO)
)
\Gread@gobject=\count88
))
\Gin@req@height=\dimen103
\Gin@req@width=\dimen104
)
("C:\Program Files (x86)\MiKTeX 2.9\tex\latex\graphics\color.sty"
Package: color 2016/07/10 v1.1e Standard LaTeX Color (DPC)

("C:\Program Files (x86)\MiKTeX 2.9\tex\latex\00miktex\color.cfg"
File: color.cfg 2016/01/02 v1.6 sample color configuration
)
Package color Info: Driver file: pdftex.def on input line 147.
)
("C:\Program Files (x86)\MiKTeX 2.9\tex\latex\framed\framed.sty"
Package: framed 2011/10/22 v 0.96: framed or shaded text with page breaks
\OuterFrameSep=\skip43
\fb@frw=\dimen105
\fb@frh=\dimen106
\FrameRule=\dimen107
\FrameSep=\dimen108
)
("C:\Program Files (x86)\MiKTeX 2.9\tex\latex\base\alltt.sty"
Package: alltt 1997/06/16 v2.0g defines alltt environment
)
("C:\Program Files (x86)\MiKTeX 2.9\tex\latex\upquote\upquote.sty"
Package: upquote 2012/04/19 v1.3 upright-quote and grave-accent glyphs in verba
tim
)
(s_StanJags_codeBits.aux)
\openout1 = `s_StanJags_codeBits.aux'.

LaTeX Font Info:    Checking defaults for OML/cmm/m/it on input line 52.
LaTeX Font Info:    ... okay on input line 52.
LaTeX Font Info:    Checking defaults for T1/cmr/m/n on input line 52.
LaTeX Font Info:    ... okay on input line 52.
LaTeX Font Info:    Checking defaults for OT1/cmr/m/n on input line 52.
LaTeX Font Info:    ... okay on input line 52.
LaTeX Font Info:    Checking defaults for OMS/cmsy/m/n on input line 52.
LaTeX Font Info:    ... okay on input line 52.
LaTeX Font Info:    Checking defaults for OMX/cmex/m/n on input line 52.
LaTeX Font Info:    ... okay on input line 52.
LaTeX Font Info:    Checking defaults for U/cmr/m/n on input line 52.
LaTeX Font Info:    ... okay on input line 52.

("C:\Program Files (x86)\MiKTeX 2.9\tex\context\base\supp-pdf.mkii"
[Loading MPS to PDF converter (version 2006.09.02).]
\scratchcounter=\count89
\scratchdimen=\dimen109
\scratchbox=\box26
\nofMPsegments=\count90
\nofMParguments=\count91
\everyMPshowfont=\toks15
\MPscratchCnt=\count92
\MPscratchDim=\dimen110
\MPnumerator=\count93
\makeMPintoPDFobject=\count94
\everyMPtoPDFconversion=\toks16
) ("C:\Program Files (x86)\MiKTeX 2.9\tex\generic\oberdiek\pdftexcmds.sty"
Package: pdftexcmds 2016/05/21 v0.22 Utility functions of pdfTeX for LuaTeX (HO
)

("C:\Program Files (x86)\MiKTeX 2.9\tex\generic\oberdiek\ifluatex.sty"
Package: ifluatex 2016/05/16 v1.4 Provides the ifluatex switch (HO)
Package ifluatex Info: LuaTeX not detected.
)
("C:\Program Files (x86)\MiKTeX 2.9\tex\generic\oberdiek\ifpdf.sty"
Package: ifpdf 2016/05/14 v3.1 Provides the ifpdf switch
)
Package pdftexcmds Info: LuaTeX not detected.
Package pdftexcmds Info: \pdf@primitive is available.
Package pdftexcmds Info: \pdf@ifprimitive is available.
Package pdftexcmds Info: \pdfdraftmode found.
)
("C:\Program Files (x86)\MiKTeX 2.9\tex\latex\oberdiek\epstopdf-base.sty"
Package: epstopdf-base 2016/05/15 v2.6 Base part for package epstopdf

("C:\Program Files (x86)\MiKTeX 2.9\tex\latex\oberdiek\grfext.sty"
Package: grfext 2016/05/16 v1.2 Manage graphics extensions (HO)

("C:\Program Files (x86)\MiKTeX 2.9\tex\generic\oberdiek\kvdefinekeys.sty"
Package: kvdefinekeys 2016/05/16 v1.4 Define keys (HO)
))
("C:\Program Files (x86)\MiKTeX 2.9\tex\latex\oberdiek\kvoptions.sty"
Package: kvoptions 2016/05/16 v3.12 Key value format for package options (HO)

("C:\Program Files (x86)\MiKTeX 2.9\tex\generic\oberdiek\kvsetkeys.sty"
Package: kvsetkeys 2016/05/16 v1.17 Key value parser (HO)

("C:\Program Files (x86)\MiKTeX 2.9\tex\generic\oberdiek\etexcmds.sty"
Package: etexcmds 2016/05/16 v1.6 Avoid name clashes with e-TeX commands (HO)
Package etexcmds Info: Could not find \expanded.
(etexcmds)             That can mean that you are not using pdfTeX 1.50 or
(etexcmds)             that some package has redefined \expanded.
(etexcmds)             In the latter case, load this package earlier.
)))
Package epstopdf-base Info: Redefining graphics rule for `.eps' on input line 4
38.
Package grfext Info: Graphics extension search list:
(grfext)             [.png,.pdf,.jpg,.mps,.jpeg,.jbig2,.jb2,.PNG,.PDF,.JPG,.JPE
G,.JBIG2,.JB2,.eps]
(grfext)             \AppendGraphicsExtensions on input line 456.
)
Package color Info: Redefining color shadecolor on input line 55.
LaTeX Font Info:    Font shape `OT1/cmtt/bx/n' in size <10> not available
(Font)              Font shape `OT1/cmtt/m/n' tried instead on input line 58.

Overfull \hbox (17.24684pt too wide) in paragraph at lines 68--69
[]\OT1/cmtt/m/it/10 ## rstan (Version 2.10.1, packaged: 2016-06-24 13:22:16 UTC
, GitRev:
 []


Overfull \hbox (27.74675pt too wide) in paragraph at lines 70--70
[]\OT1/cmtt/m/it/10 ## For execution on a local, multicore CPU with excess RAM 
we recommend
 []


Overfull \hbox (43.49661pt too wide) in paragraph at lines 75--75
[][]\OT1/cmtt/m/n/10 fit[] []<-[] []stan[][]([][]StanJags_simpleNormal.stan[]
[],[][]iter[][]=[][]200[][],[][]chains[][]=[][]4[][],[][]data[][]=[][]list[][](
[][]Y[][]=Y))[][] 
 []


Overfull \hbox (253.49478pt too wide) in paragraph at lines 121--121
[]\OT1/cmtt/m/n/10 ## In file included from C:/Users/Ben/Documents/R/win-librar
y/3.3/StanHeaders/include/stan/math/prim/mat.hpp:36:0,[] 
 []


Overfull \hbox (232.49496pt too wide) in paragraph at lines 121--121
[]\OT1/cmtt/m/n/10 ##                  from C:/Users/Ben/Documents/R/win-librar
y/3.3/StanHeaders/include/stan/math/rev/mat.hpp:8,[] 
 []


Overfull \hbox (190.49533pt too wide) in paragraph at lines 121--121
[]\OT1/cmtt/m/n/10 ##                  from C:/Users/Ben/Documents/R/win-librar
y/3.3/StanHeaders/include/stan/math.hpp:4,[] 
 []


Overfull \hbox (284.9945pt too wide) in paragraph at lines 121--121
[]\OT1/cmtt/m/n/10 ##                  from C:/Users/Ben/Documents/R/win-librar
y/3.3/StanHeaders/include/src/stan/model/model_header.hpp:4,[] 
 []


Overfull \hbox (872.98938pt too wide) in paragraph at lines 121--121
[]\OT1/cmtt/m/n/10 ## C:/Users/Ben/Documents/R/win-library/3.3/StanHeaders/incl
ude/stan/math/prim/mat/err/check_positive_ordered.hpp: In function bool stan::
math::check_positive_ordered(const char*, const char*, const Eigen::Matrix<Scal
ar, -1, 1>&):[] 
 []


Overfull \hbox (725.99066pt too wide) in paragraph at lines 121--121
[]\OT1/cmtt/m/n/10 ## C:/Users/Ben/Documents/R/win-library/3.3/StanHeaders/incl
ude/stan/math/prim/mat/err/check_positive_ordered.hpp:39:67: warning: typedef 
size_type locally defined but not used [-Wunused-local-typedefs][] 
 []


Overfull \hbox (74.99634pt too wide) in paragraph at lines 121--121
[]\OT1/cmtt/m/n/10 ##        typedef typename index_type<Matrix<T_y, Dynamic, 1
> >::type size_type;[] 
 []


Overfull \hbox (27.74675pt too wide) in paragraph at lines 121--121
[]\OT1/cmtt/m/n/10 ##                                                          
          ^[] 
 []


Overfull \hbox (227.24501pt too wide) in paragraph at lines 121--121
[]\OT1/cmtt/m/n/10 ## In file included from C:/Users/Ben/Documents/R/win-librar
y/3.3/BH/include/boost/multi_array/base.hpp:28:0,[] 
 []


Overfull \hbox (190.49533pt too wide) in paragraph at lines 121--121
[]\OT1/cmtt/m/n/10 ##                  from C:/Users/Ben/Documents/R/win-librar
y/3.3/BH/include/boost/multi_array.hpp:21,[] 
 []


Overfull \hbox (342.744pt too wide) in paragraph at lines 121--121
[]\OT1/cmtt/m/n/10 ##                  from C:/Users/Ben/Documents/R/win-librar
y/3.3/BH/include/boost/numeric/odeint/util/multi_array_adaption.hpp:29,[] 
 []


Overfull \hbox (206.2452pt too wide) in paragraph at lines 121--121
[]\OT1/cmtt/m/n/10 ##                  from C:/Users/Ben/Documents/R/win-librar
y/3.3/BH/include/boost/numeric/odeint.hpp:61,[] 
 []


Overfull \hbox (384.74364pt too wide) in paragraph at lines 121--121
[]\OT1/cmtt/m/n/10 ##                  from C:/Users/Ben/Documents/R/win-librar
y/3.3/StanHeaders/include/stan/math/prim/arr/functor/integrate_ode_rk45.hpp:13,
[] 
 []


Overfull \hbox (242.99487pt too wide) in paragraph at lines 121--121
[]\OT1/cmtt/m/n/10 ##                  from C:/Users/Ben/Documents/R/win-librar
y/3.3/StanHeaders/include/stan/math/prim/arr.hpp:33,[] 
 []


Overfull \hbox (248.24483pt too wide) in paragraph at lines 121--121
[]\OT1/cmtt/m/n/10 ##                  from C:/Users/Ben/Documents/R/win-librar
y/3.3/StanHeaders/include/stan/math/prim/mat.hpp:232,[] 
 []


Overfull \hbox (232.49496pt too wide) in paragraph at lines 121--121
[]\OT1/cmtt/m/n/10 ##                  from C:/Users/Ben/Documents/R/win-librar
y/3.3/StanHeaders/include/stan/math/rev/mat.hpp:8,[] 
 []


Overfull \hbox (190.49533pt too wide) in paragraph at lines 121--121
[]\OT1/cmtt/m/n/10 ##                  from C:/Users/Ben/Documents/R/win-librar
y/3.3/StanHeaders/include/stan/math.hpp:4,[] 
 []


Overfull \hbox (284.9945pt too wide) in paragraph at lines 121--121
[]\OT1/cmtt/m/n/10 ##                  from C:/Users/Ben/Documents/R/win-librar
y/3.3/StanHeaders/include/src/stan/model/model_header.hpp:4,[] 
 []


Overfull \hbox (841.48965pt too wide) in paragraph at lines 121--121
[]\OT1/cmtt/m/n/10 ## C:/Users/Ben/Documents/R/win-library/3.3/BH/include/boost
/multi_array/concept_checks.hpp: In static member function static void boost::
multi_array_concepts::detail::idgen_helper<N>::call(Array&, const IdxGen&, Call
_Type):[] 
 []


Overfull \hbox (620.99158pt too wide) in paragraph at lines 121--121
[]\OT1/cmtt/m/n/10 ## C:/Users/Ben/Documents/R/win-library/3.3/BH/include/boost
/multi_array/concept_checks.hpp:42:43: warning: typedef index_range locally d
efined but not used [-Wunused-local-typedefs][] 
 []


Overfull \hbox (589.49185pt too wide) in paragraph at lines 121--121
[]\OT1/cmtt/m/n/10 ## C:/Users/Ben/Documents/R/win-library/3.3/BH/include/boost
/multi_array/concept_checks.hpp:43:37: warning: typedef index locally defined
 but not used [-Wunused-local-typedefs][] 
 []


Overfull \hbox (857.23952pt too wide) in paragraph at lines 121--121
[]\OT1/cmtt/m/n/10 ## C:/Users/Ben/Documents/R/win-library/3.3/BH/include/boost
/multi_array/concept_checks.hpp: In static member function static void boost::
multi_array_concepts::detail::idgen_helper<0ull>::call(Array&, const IdxGen&, C
all_Type):[] 
 []


Overfull \hbox (620.99158pt too wide) in paragraph at lines 121--121
[]\OT1/cmtt/m/n/10 ## C:/Users/Ben/Documents/R/win-library/3.3/BH/include/boost
/multi_array/concept_checks.hpp:53:43: warning: typedef index_range locally d
efined but not used [-Wunused-local-typedefs][] 
 []


Overfull \hbox (589.49185pt too wide) in paragraph at lines 121--121
[]\OT1/cmtt/m/n/10 ## C:/Users/Ben/Documents/R/win-library/3.3/BH/include/boost
/multi_array/concept_checks.hpp:54:37: warning: typedef index locally defined
 but not used [-Wunused-local-typedefs][] 
 []


Overfull \hbox (253.49478pt too wide) in paragraph at lines 121--121
[]\OT1/cmtt/m/n/10 ## In file included from C:/Users/Ben/Documents/R/win-librar
y/3.3/StanHeaders/include/stan/math/rev/core.hpp:42:0,[] 
 []


Overfull \hbox (232.49496pt too wide) in paragraph at lines 121--121
[]\OT1/cmtt/m/n/10 ##                  from C:/Users/Ben/Documents/R/win-librar
y/3.3/StanHeaders/include/stan/math/rev/mat.hpp:4,[] 
 []


Overfull \hbox (190.49533pt too wide) in paragraph at lines 121--121
[]\OT1/cmtt/m/n/10 ##                  from C:/Users/Ben/Documents/R/win-librar
y/3.3/StanHeaders/include/stan/math.hpp:4,[] 
 []


Overfull \hbox (284.9945pt too wide) in paragraph at lines 121--121
[]\OT1/cmtt/m/n/10 ##                  from C:/Users/Ben/Documents/R/win-librar
y/3.3/StanHeaders/include/src/stan/model/model_header.hpp:4,[] 
 []


Overfull \hbox (316.49423pt too wide) in paragraph at lines 121--121
[]\OT1/cmtt/m/n/10 ## C:/Users/Ben/Documents/R/win-library/3.3/StanHeaders/incl
ude/stan/math/rev/core/set_zero_all_adjoints.hpp: At global scope:[] 
 []


Overfull \hbox (746.99048pt too wide) in paragraph at lines 121--121
[]\OT1/cmtt/m/n/10 ## C:/Users/Ben/Documents/R/win-library/3.3/StanHeaders/incl
ude/stan/math/rev/core/set_zero_all_adjoints.hpp:14:17: warning: void stan::ma
th::set_zero_all_adjoints() defined but not used [-Wunused-function][] 
 []


Overfull \hbox (17.24684pt too wide) in paragraph at lines 155--155
[]\OT1/cmtt/m/n/10 ## Samples were drawn using NUTS(diag_e) at Wed Aug 17 00:31
:27 2016.[] 
 []


Overfull \hbox (38.24666pt too wide) in paragraph at lines 155--155
[]\OT1/cmtt/m/n/10 ## For each parameter, n_eff is a crude measure of effective
 sample size,[] 
 []


Overfull \hbox (27.74675pt too wide) in paragraph at lines 155--155
[]\OT1/cmtt/m/n/10 ## and Rhat is the potential scale reduction factor on split
 chains (at[] 
 []


Overfull \hbox (43.49661pt too wide) in paragraph at lines 155--155
[]\OT1/cmtt/m/n/10 ##  The estimated Bayesian Fraction of Missing Information i
s a measure of[] 
 []


Overfull \hbox (17.24684pt too wide) in paragraph at lines 155--155
[]\OT1/cmtt/m/n/10 ##  the efficiency of the sampler with values close to 1 bei
ng ideal.[] 
 []


Overfull \hbox (21.0268pt too wide) in paragraph at lines 163--163
[]\OT1/cmtt/m/it/10 ## `stat[]bin()` using `bins = 30`. Pick better value with 
`binwidth`.[] 
 []

[1{C:/ProgramData/MiKTeX/2.9/pdftex/config/pdftex.map}

] [2]
<figure/test1-1.pdf, id=11, 505.89pt x 505.89pt>
File: figure/test1-1.pdf Graphic file (type pdf)
 <use figure/test1-1.pdf>
Package pdftex.def Info: figure/test1-1.pdf used on input line 164.
(pdftex.def)             Requested size: 345.0pt x 345.00414pt.

Overfull \hbox (15.0pt too wide) in paragraph at lines 164--165
[][] 
 []

[3 <./figure/test1-1.pdf>] (s_StanJags_codeBits.aux) ) 
Here is how much of TeX's memory you used:
 1632 strings out of 493334
 23528 string characters out of 3136678
 97910 words of memory out of 3000000
 5164 multiletter control sequences out of 15000+200000
 4329 words of font info for 17 fonts, out of 3000000 for 9000
 1141 hyphenation exceptions out of 8191
 40i,5n,25p,296b,246s stack positions out of 5000i,500n,10000p,200000b,50000s
<C:/Program Files (x86)/M
iKTeX 2.9/fonts/type1/public/amsfonts/cm/cmitt10.pfb><C:/Program Files (x86)/Mi
KTeX 2.9/fonts/type1/public/amsfonts/cm/cmr10.pfb><C:/Program Files (x86)/MiKTe
X 2.9/fonts/type1/public/amsfonts/cm/cmtt10.pfb>
Output written on s_StanJags_codeBits.pdf (3 pages, 52281 bytes).
PDF statistics:
 30 PDF objects out of 1000 (max. 8388607)
 0 named destinations out of 1000 (max. 500000)
 6 words of extra memory for PDF output out of 10000 (max. 10000000)

